0 verbose cli /data/data/com.termux/files/usr/bin/node /data/data/com.termux/files/usr/bin/npm
1 info using npm@10.9.2
2 info using node@v23.10.0
3 silly config load:file:/data/data/com.termux/files/usr/lib/node_modules/npm/npmrc
4 silly config load:file:/data/data/com.termux/files/home/.npmrc
5 silly config load:file:/data/data/com.termux/files/usr/etc/npmrc
6 verbose title npm install pm2
7 verbose argv "install" "pm2" "--global"
8 verbose logfile logs-max:10 dir:/data/data/com.termux/files/home/.npm/_logs/2025-04-06T12_26_04_992Z-
9 verbose logfile /data/data/com.termux/files/home/.npm/_logs/2025-04-06T12_26_04_992Z-debug-0.log
10 silly packumentCache heap:975437824 maxSize:243859456 maxEntrySize:121929728
11 silly logfile start cleaning logs, removing 1 files
12 silly logfile done cleaning log files
13 silly idealTree buildDeps
14 silly fetch manifest pm2@*
15 silly packumentCache full:https://registry.npmjs.org/pm2 cache-miss
16 http cache https://registry.npmjs.org/pm2 128ms (cache hit)
17 silly packumentCache full:https://registry.npmjs.org/pm2 set size:1015146 disposed:false
18 silly placeDep ROOT pm2@6.0.5 OK for:  want: *
19 silly fetch manifest @pm2/agent@~2.1.1
20 silly packumentCache full:https://registry.npmjs.org/@pm2%2fagent cache-miss
21 silly fetch manifest @pm2/js-api@~0.8.0
22 silly packumentCache full:https://registry.npmjs.org/@pm2%2fjs-api cache-miss
23 silly fetch manifest @pm2/io@~6.1.0
24 silly packumentCache full:https://registry.npmjs.org/@pm2%2fio cache-miss
25 silly fetch manifest @pm2/pm2-version-check@latest
26 silly packumentCache full:https://registry.npmjs.org/@pm2%2fpm2-version-check cache-miss
27 silly fetch manifest async@~3.2.6
28 silly packumentCache full:https://registry.npmjs.org/async cache-miss
29 http cache https://registry.npmjs.org/@pm2%2fagent 72ms (cache hit)
30 silly packumentCache full:https://registry.npmjs.org/@pm2%2fagent set size:110996 disposed:false
31 silly fetch manifest blessed@0.1.81
32 silly packumentCache full:https://registry.npmjs.org/blessed cache-miss
33 http cache https://registry.npmjs.org/@pm2%2fpm2-version-check 73ms (cache hit)
34 silly packumentCache full:https://registry.npmjs.org/@pm2%2fpm2-version-check set size:11335 disposed:false
35 silly fetch manifest chalk@3.0.0
36 silly packumentCache full:https://registry.npmjs.org/chalk cache-miss
37 http cache https://registry.npmjs.org/async 80ms (cache hit)
38 silly packumentCache full:https://registry.npmjs.org/async set size:230496 disposed:false
39 silly fetch manifest chokidar@^3.5.3
40 silly packumentCache full:https://registry.npmjs.org/chokidar cache-miss
41 http cache https://registry.npmjs.org/@pm2%2fjs-api 114ms (cache hit)
42 silly packumentCache full:https://registry.npmjs.org/@pm2%2fjs-api set size:219753 disposed:false
43 silly fetch manifest cli-tableau@^2.0.0
44 silly packumentCache full:https://registry.npmjs.org/cli-tableau cache-miss
45 http cache https://registry.npmjs.org/@pm2%2fio 128ms (cache hit)
46 silly packumentCache full:https://registry.npmjs.org/@pm2%2fio set size:523015 disposed:false
47 silly fetch manifest commander@2.15.1
48 silly packumentCache full:https://registry.npmjs.org/commander cache-miss
49 http cache https://registry.npmjs.org/chalk 126ms (cache hit)
50 silly packumentCache full:https://registry.npmjs.org/chalk set size:122561 disposed:false
51 silly fetch manifest croner@~4.1.92
52 silly packumentCache full:https://registry.npmjs.org/croner cache-miss
53 http cache https://registry.npmjs.org/cli-tableau 99ms (cache hit)
54 silly packumentCache full:https://registry.npmjs.org/cli-tableau set size:9593 disposed:false
55 silly fetch manifest dayjs@~1.11.13
56 silly packumentCache full:https://registry.npmjs.org/dayjs cache-miss
57 http cache https://registry.npmjs.org/chokidar 132ms (cache hit)
58 silly packumentCache full:https://registry.npmjs.org/chokidar set size:253451 disposed:false
59 silly fetch manifest debug@^4.3.7
60 silly packumentCache full:https://registry.npmjs.org/debug cache-miss
61 http cache https://registry.npmjs.org/blessed 190ms (cache hit)
62 silly packumentCache full:https://registry.npmjs.org/blessed set size:167906 disposed:false
63 silly fetch manifest enquirer@2.3.6
64 silly packumentCache full:https://registry.npmjs.org/enquirer cache-miss
65 http cache https://registry.npmjs.org/commander 131ms (cache hit)
66 silly packumentCache full:https://registry.npmjs.org/commander set size:336656 disposed:false
67 silly fetch manifest eventemitter2@5.0.1
68 silly packumentCache full:https://registry.npmjs.org/eventemitter2 cache-miss
69 http cache https://registry.npmjs.org/dayjs 89ms (cache hit)
70 silly packumentCache full:https://registry.npmjs.org/dayjs set size:463143 disposed:false
71 silly fetch manifest fclone@1.0.11
72 silly packumentCache full:https://registry.npmjs.org/fclone cache-miss
73 http cache https://registry.npmjs.org/eventemitter2 64ms (cache hit)
74 silly packumentCache full:https://registry.npmjs.org/eventemitter2 set size:172525 disposed:false
75 silly fetch manifest mkdirp@1.0.4
76 silly packumentCache full:https://registry.npmjs.org/mkdirp cache-miss
77 http cache https://registry.npmjs.org/debug 114ms (cache hit)
78 silly packumentCache full:https://registry.npmjs.org/debug set size:191237 disposed:false
79 silly fetch manifest needle@2.4.0
80 silly packumentCache full:https://registry.npmjs.org/needle cache-miss
81 http cache https://registry.npmjs.org/enquirer 130ms (cache hit)
82 silly packumentCache full:https://registry.npmjs.org/enquirer set size:203040 disposed:false
83 silly fetch manifest pidusage@~3.0
84 silly packumentCache full:https://registry.npmjs.org/pidusage cache-miss
85 http cache https://registry.npmjs.org/fclone 73ms (cache hit)
86 silly packumentCache full:https://registry.npmjs.org/fclone set size:19653 disposed:false
87 silly fetch manifest pm2-axon@~4.0.1
88 silly packumentCache full:https://registry.npmjs.org/pm2-axon cache-miss
89 http cache https://registry.npmjs.org/croner 206ms (cache hit)
90 silly packumentCache full:https://registry.npmjs.org/croner set size:694102 disposed:false
91 silly fetch manifest pm2-axon-rpc@~0.7.1
92 silly packumentCache full:https://registry.npmjs.org/pm2-axon-rpc cache-miss
93 http cache https://registry.npmjs.org/mkdirp 96ms (cache hit)
94 silly packumentCache full:https://registry.npmjs.org/mkdirp set size:116455 disposed:false
95 silly fetch manifest pm2-deploy@~1.0.2
96 silly packumentCache full:https://registry.npmjs.org/pm2-deploy cache-miss
97 http cache https://registry.npmjs.org/needle 108ms (cache hit)
98 silly packumentCache full:https://registry.npmjs.org/needle set size:227370 disposed:false
99 silly fetch manifest pm2-multimeter@^0.1.2
100 silly packumentCache full:https://registry.npmjs.org/pm2-multimeter cache-miss
101 http cache https://registry.npmjs.org/pm2-axon-rpc 72ms (cache hit)
102 silly packumentCache full:https://registry.npmjs.org/pm2-axon-rpc set size:41743 disposed:false
103 silly fetch manifest promptly@^2
104 silly packumentCache full:https://registry.npmjs.org/promptly cache-miss
105 http cache https://registry.npmjs.org/pidusage 124ms (cache hit)
106 silly packumentCache full:https://registry.npmjs.org/pidusage set size:108904 disposed:false
107 silly fetch manifest semver@^7.6.2
108 silly packumentCache full:https://registry.npmjs.org/semver cache-miss
109 http cache https://registry.npmjs.org/pm2-axon 162ms (cache hit)
110 silly packumentCache full:https://registry.npmjs.org/pm2-axon set size:44221 disposed:false
111 silly fetch manifest source-map-support@0.5.21
112 silly packumentCache full:https://registry.npmjs.org/source-map-support cache-miss
113 http cache https://registry.npmjs.org/pm2-multimeter 89ms (cache hit)
114 silly packumentCache full:https://registry.npmjs.org/pm2-multimeter set size:7686 disposed:false
115 silly fetch manifest sprintf-js@1.1.2
116 silly packumentCache full:https://registry.npmjs.org/sprintf-js cache-miss
117 http cache https://registry.npmjs.org/pm2-deploy 126ms (cache hit)
118 silly packumentCache full:https://registry.npmjs.org/pm2-deploy set size:43526 disposed:false
119 silly fetch manifest vizion@~2.2.1
120 silly packumentCache full:https://registry.npmjs.org/vizion cache-miss
121 http cache https://registry.npmjs.org/promptly 76ms (cache hit)
122 silly packumentCache full:https://registry.npmjs.org/promptly set size:37330 disposed:false
123 silly fetch manifest js-yaml@~4.1.0
124 silly packumentCache full:https://registry.npmjs.org/js-yaml cache-miss
125 http cache https://registry.npmjs.org/semver 68ms (cache hit)
126 silly packumentCache full:https://registry.npmjs.org/semver set size:221512 disposed:false
127 silly fetch manifest pm2-sysmonit@^1.2.8
128 silly packumentCache full:https://registry.npmjs.org/pm2-sysmonit cache-miss
129 http cache https://registry.npmjs.org/source-map-support 56ms (cache hit)
130 silly packumentCache full:https://registry.npmjs.org/source-map-support set size:125488 disposed:false
131 http cache https://registry.npmjs.org/sprintf-js 54ms (cache hit)
132 silly packumentCache full:https://registry.npmjs.org/sprintf-js set size:20495 disposed:false
133 http cache https://registry.npmjs.org/vizion 51ms (cache hit)
134 silly packumentCache full:https://registry.npmjs.org/vizion set size:64651 disposed:false
135 http cache https://registry.npmjs.org/js-yaml 55ms (cache hit)
136 silly packumentCache full:https://registry.npmjs.org/js-yaml set size:145975 disposed:false
137 http cache https://registry.npmjs.org/pm2-sysmonit 50ms (cache hit)
138 silly packumentCache full:https://registry.npmjs.org/pm2-sysmonit set size:42261 disposed:false
139 silly placeDep node_modules/pm2 @pm2/agent@2.1.1 OK for: pm2@6.0.5 want: ~2.1.1
140 silly placeDep node_modules/pm2 @pm2/io@6.1.0 OK for: pm2@6.0.5 want: ~6.1.0
141 silly placeDep node_modules/pm2 @pm2/js-api@0.8.0 OK for: pm2@6.0.5 want: ~0.8.0
142 silly placeDep node_modules/pm2 @pm2/pm2-version-check@1.0.4 OK for: pm2@6.0.5 want: latest
143 silly placeDep node_modules/pm2 async@3.2.6 OK for: pm2@6.0.5 want: ~3.2.6
144 silly placeDep node_modules/pm2 blessed@0.1.81 OK for: pm2@6.0.5 want: 0.1.81
145 silly placeDep node_modules/pm2 chalk@3.0.0 OK for: pm2@6.0.5 want: 3.0.0
146 silly placeDep node_modules/pm2 chokidar@3.6.0 OK for: pm2@6.0.5 want: ^3.5.3
147 silly placeDep node_modules/pm2 cli-tableau@2.0.1 OK for: pm2@6.0.5 want: ^2.0.0
148 silly placeDep node_modules/pm2 commander@2.15.1 OK for: pm2@6.0.5 want: 2.15.1
149 silly placeDep node_modules/pm2 croner@4.1.97 OK for: pm2@6.0.5 want: ~4.1.92
150 silly placeDep node_modules/pm2 dayjs@1.11.13 OK for: pm2@6.0.5 want: ~1.11.13
151 silly placeDep node_modules/pm2 debug@4.4.0 OK for: pm2@6.0.5 want: ^4.3.7
152 silly placeDep node_modules/pm2 enquirer@2.3.6 OK for: pm2@6.0.5 want: 2.3.6
153 silly placeDep node_modules/pm2 eventemitter2@5.0.1 OK for: pm2@6.0.5 want: 5.0.1
154 silly placeDep node_modules/pm2 fclone@1.0.11 OK for: pm2@6.0.5 want: 1.0.11
155 silly placeDep node_modules/pm2 js-yaml@4.1.0 OK for: pm2@6.0.5 want: ~4.1.0
156 silly placeDep node_modules/pm2 mkdirp@1.0.4 OK for: pm2@6.0.5 want: 1.0.4
157 silly placeDep node_modules/pm2 needle@2.4.0 OK for: pm2@6.0.5 want: 2.4.0
158 silly placeDep node_modules/pm2 pidusage@3.0.2 OK for: pm2@6.0.5 want: ~3.0
159 silly placeDep node_modules/pm2 pm2-axon@4.0.1 OK for: pm2@6.0.5 want: ~4.0.1
160 silly placeDep node_modules/pm2 pm2-axon-rpc@0.7.1 OK for: pm2@6.0.5 want: ~0.7.1
161 silly placeDep node_modules/pm2 pm2-deploy@1.0.2 OK for: pm2@6.0.5 want: ~1.0.2
162 silly placeDep node_modules/pm2 pm2-multimeter@0.1.2 OK for: pm2@6.0.5 want: ^0.1.2
163 silly placeDep node_modules/pm2 pm2-sysmonit@1.2.8 OK for: pm2@6.0.5 want: ^1.2.8
164 silly placeDep node_modules/pm2 promptly@2.2.0 OK for: pm2@6.0.5 want: ^2
165 silly placeDep node_modules/pm2 semver@7.7.1 OK for: pm2@6.0.5 want: ^7.6.2
166 silly placeDep node_modules/pm2 source-map-support@0.5.21 OK for: pm2@6.0.5 want: 0.5.21
167 silly placeDep node_modules/pm2 sprintf-js@1.1.2 OK for: pm2@6.0.5 want: 1.1.2
168 silly placeDep node_modules/pm2 vizion@2.2.1 OK for: pm2@6.0.5 want: ~2.2.1
169 silly fetch manifest async@~3.2.0
170 silly packumentCache full:https://registry.npmjs.org/async cache-hit
171 silly fetch manifest chalk@~3.0.0
172 silly packumentCache full:https://registry.npmjs.org/chalk cache-hit
173 silly fetch manifest dayjs@~1.8.24
174 silly packumentCache full:https://registry.npmjs.org/dayjs cache-hit
175 silly fetch manifest debug@~4.3.1
176 silly packumentCache full:https://registry.npmjs.org/debug cache-hit
177 silly fetch manifest eventemitter2@~5.0.1
178 silly packumentCache full:https://registry.npmjs.org/eventemitter2 cache-hit
179 silly fetch manifest fast-json-patch@^3.1.0
180 silly packumentCache full:https://registry.npmjs.org/fast-json-patch cache-miss
181 silly fetch manifest fclone@~1.0.11
182 silly packumentCache full:https://registry.npmjs.org/fclone cache-hit
183 silly fetch manifest pm2-axon-rpc@~0.7.0
184 silly packumentCache full:https://registry.npmjs.org/pm2-axon-rpc cache-hit
185 silly fetch manifest proxy-agent@~6.4.0
186 silly packumentCache full:https://registry.npmjs.org/proxy-agent cache-miss
187 silly fetch manifest semver@~7.5.0
188 silly packumentCache full:https://registry.npmjs.org/semver cache-hit
189 silly fetch manifest ws@~7.5.10
190 silly packumentCache full:https://registry.npmjs.org/ws cache-miss
191 silly fetch manifest async@~2.6.1
192 silly packumentCache full:https://registry.npmjs.org/async cache-hit
193 silly fetch manifest eventemitter2@^6.3.1
194 silly packumentCache full:https://registry.npmjs.org/eventemitter2 cache-hit
195 silly fetch manifest require-in-the-middle@^5.0.0
196 silly packumentCache full:https://registry.npmjs.org/require-in-the-middle cache-miss
197 silly fetch manifest semver@~7.5.4
198 silly packumentCache full:https://registry.npmjs.org/semver cache-hit
199 silly fetch manifest shimmer@^1.2.0
200 silly packumentCache full:https://registry.npmjs.org/shimmer cache-miss
201 http cache https://registry.npmjs.org/proxy-agent 63ms (cache hit)
202 silly packumentCache full:https://registry.npmjs.org/proxy-agent set size:70579 disposed:false
203 silly fetch manifest signal-exit@^3.0.3
204 silly packumentCache full:https://registry.npmjs.org/signal-exit cache-miss
205 http cache https://registry.npmjs.org/fast-json-patch 77ms (cache hit)
206 silly packumentCache full:https://registry.npmjs.org/fast-json-patch set size:129532 disposed:false
207 silly fetch manifest tslib@1.9.3
208 silly packumentCache full:https://registry.npmjs.org/tslib cache-miss
209 http cache https://registry.npmjs.org/require-in-the-middle 63ms (cache hit)
210 silly packumentCache full:https://registry.npmjs.org/require-in-the-middle set size:82940 disposed:false
211 silly fetch manifest async@^2.6.3
212 silly packumentCache full:https://registry.npmjs.org/async cache-hit
213 silly fetch manifest extrareqp2@^1.0.0
214 silly packumentCache full:https://registry.npmjs.org/extrareqp2 cache-miss
215 http cache https://registry.npmjs.org/shimmer 70ms (cache hit)
216 silly packumentCache full:https://registry.npmjs.org/shimmer set size:22336 disposed:false
217 silly fetch manifest ws@^7.0.0
218 silly packumentCache full:https://registry.npmjs.org/ws cache-miss
219 http cache https://registry.npmjs.org/ws 101ms (cache hit)
220 silly packumentCache full:https://registry.npmjs.org/ws set size:406002 disposed:false
221 silly fetch manifest debug@^4.3.1
222 silly packumentCache full:https://registry.npmjs.org/debug cache-hit
223 silly fetch manifest ansi-styles@^4.1.0
224 silly packumentCache full:https://registry.npmjs.org/ansi-styles cache-miss
225 http cache https://registry.npmjs.org/ws 55ms (cache hit)
226 silly packumentCache full:https://registry.npmjs.org/ws set size:406002 disposed:false
227 silly packumentCache full:https://registry.npmjs.org/ws dispose
228 silly fetch manifest supports-color@^7.1.0
229 silly packumentCache full:https://registry.npmjs.org/supports-color cache-miss
230 http cache https://registry.npmjs.org/tslib 97ms (cache hit)
231 silly packumentCache full:https://registry.npmjs.org/tslib set size:108872 disposed:false
232 silly fetch manifest braces@~3.0.2
233 silly packumentCache full:https://registry.npmjs.org/braces cache-miss
234 http cache https://registry.npmjs.org/signal-exit 129ms (cache hit)
235 silly packumentCache full:https://registry.npmjs.org/signal-exit set size:53489 disposed:false
236 silly fetch manifest is-glob@~4.0.1
237 silly packumentCache full:https://registry.npmjs.org/is-glob cache-miss
238 http cache https://registry.npmjs.org/ansi-styles 73ms (cache hit)
239 silly packumentCache full:https://registry.npmjs.org/ansi-styles set size:66356 disposed:false
240 silly fetch manifest anymatch@~3.1.2
241 silly packumentCache full:https://registry.npmjs.org/anymatch cache-miss
242 http cache https://registry.npmjs.org/extrareqp2 125ms (cache hit)
243 silly packumentCache full:https://registry.npmjs.org/extrareqp2 set size:33058 disposed:false
244 silly fetch manifest readdirp@~3.6.0
245 silly packumentCache full:https://registry.npmjs.org/readdirp cache-miss
246 http cache https://registry.npmjs.org/supports-color 61ms (cache hit)
247 silly packumentCache full:https://registry.npmjs.org/supports-color set size:115466 disposed:false
248 silly fetch manifest glob-parent@~5.1.2
249 silly packumentCache full:https://registry.npmjs.org/glob-parent cache-miss
250 http cache https://registry.npmjs.org/braces 63ms (cache hit)
251 silly packumentCache full:https://registry.npmjs.org/braces set size:114529 disposed:false
252 silly fetch manifest is-binary-path@~2.1.0
253 silly packumentCache full:https://registry.npmjs.org/is-binary-path cache-miss
254 http cache https://registry.npmjs.org/is-glob 61ms (cache hit)
255 silly packumentCache full:https://registry.npmjs.org/is-glob set size:40530 disposed:false
256 silly fetch manifest normalize-path@~3.0.0
257 silly packumentCache full:https://registry.npmjs.org/normalize-path cache-miss
258 http cache https://registry.npmjs.org/readdirp 62ms (cache hit)
259 silly packumentCache full:https://registry.npmjs.org/readdirp set size:105089 disposed:false
260 silly fetch manifest fsevents@~2.3.2
261 silly packumentCache full:https://registry.npmjs.org/fsevents cache-miss
262 http cache https://registry.npmjs.org/anymatch 79ms (cache hit)
263 silly packumentCache full:https://registry.npmjs.org/anymatch set size:42974 disposed:false
264 silly fetch manifest ms@^2.1.3
265 silly packumentCache full:https://registry.npmjs.org/ms cache-miss
266 http cache https://registry.npmjs.org/normalize-path 33ms (cache hit)
267 silly packumentCache full:https://registry.npmjs.org/normalize-path set size:28713 disposed:false
268 silly fetch manifest ansi-colors@^4.1.1
269 silly packumentCache full:https://registry.npmjs.org/ansi-colors cache-miss
270 http cache https://registry.npmjs.org/is-binary-path 64ms (cache hit)
271 silly packumentCache full:https://registry.npmjs.org/is-binary-path set size:13475 disposed:false
272 silly fetch manifest argparse@^2.0.1
273 silly packumentCache full:https://registry.npmjs.org/argparse cache-miss
274 http cache https://registry.npmjs.org/glob-parent 80ms (cache hit)
275 silly packumentCache full:https://registry.npmjs.org/glob-parent set size:42445 disposed:false
276 silly fetch manifest debug@^3.2.6
277 silly packumentCache full:https://registry.npmjs.org/debug cache-hit
278 silly fetch manifest iconv-lite@^0.4.4
279 silly packumentCache full:https://registry.npmjs.org/iconv-lite cache-miss
280 http cache https://registry.npmjs.org/ms 41ms (cache hit)
281 silly packumentCache full:https://registry.npmjs.org/ms set size:84883 disposed:false
282 silly fetch manifest sax@^1.2.4
283 silly packumentCache full:https://registry.npmjs.org/sax cache-miss
284 http cache https://registry.npmjs.org/fsevents 58ms (cache hit)
285 silly packumentCache full:https://registry.npmjs.org/fsevents set size:182472 disposed:false
286 silly fetch manifest safe-buffer@^5.2.1
287 silly packumentCache full:https://registry.npmjs.org/safe-buffer cache-miss
288 http cache https://registry.npmjs.org/ansi-colors 61ms (cache hit)
289 silly packumentCache full:https://registry.npmjs.org/ansi-colors set size:110876 disposed:false
290 silly fetch manifest amp@~0.3.1
291 silly packumentCache full:https://registry.npmjs.org/amp cache-miss
292 http cache https://registry.npmjs.org/argparse 77ms (cache hit)
293 silly packumentCache full:https://registry.npmjs.org/argparse set size:49266 disposed:false
294 silly fetch manifest amp-message@~0.1.1
295 silly packumentCache full:https://registry.npmjs.org/amp-message cache-miss
296 http cache https://registry.npmjs.org/sax 62ms (cache hit)
297 silly packumentCache full:https://registry.npmjs.org/sax set size:82736 disposed:false
298 silly fetch manifest escape-string-regexp@^4.0.0
299 silly packumentCache full:https://registry.npmjs.org/escape-string-regexp cache-miss
300 http cache https://registry.npmjs.org/iconv-lite 87ms (cache hit)
301 silly packumentCache full:https://registry.npmjs.org/iconv-lite set size:115994 disposed:false
302 silly fetch manifest run-series@^1.1.8
303 silly packumentCache full:https://registry.npmjs.org/run-series cache-miss
304 http cache https://registry.npmjs.org/safe-buffer 74ms (cache hit)
305 silly packumentCache full:https://registry.npmjs.org/safe-buffer set size:41183 disposed:false
306 silly fetch manifest tv4@^1.3.0
307 silly packumentCache full:https://registry.npmjs.org/tv4 cache-miss
308 http cache https://registry.npmjs.org/amp 64ms (cache hit)
309 silly packumentCache full:https://registry.npmjs.org/amp set size:6794 disposed:false
310 silly fetch manifest charm@~0.1.1
311 silly packumentCache full:https://registry.npmjs.org/charm cache-miss
312 http cache https://registry.npmjs.org/escape-string-regexp 41ms (cache hit)
313 silly packumentCache full:https://registry.npmjs.org/escape-string-regexp set size:22244 disposed:false
314 silly fetch manifest pidusage@^2.0.21
315 silly packumentCache full:https://registry.npmjs.org/pidusage cache-hit
316 silly fetch manifest systeminformation@^5.7
317 silly packumentCache full:https://registry.npmjs.org/systeminformation cache-miss
318 http cache https://registry.npmjs.org/amp-message 60ms (cache hit)
319 silly packumentCache full:https://registry.npmjs.org/amp-message set size:6704 disposed:false
320 silly fetch manifest tx2@~1.0.4
321 silly packumentCache full:https://registry.npmjs.org/tx2 cache-miss
322 http cache https://registry.npmjs.org/run-series 45ms (cache hit)
323 silly packumentCache full:https://registry.npmjs.org/run-series set size:35375 disposed:false
324 silly fetch manifest read@^1.0.4
325 silly packumentCache full:https://registry.npmjs.org/read cache-miss
326 http cache https://registry.npmjs.org/tv4 43ms (cache hit)
327 silly packumentCache full:https://registry.npmjs.org/tv4 set size:84480 disposed:false
328 silly fetch manifest buffer-from@^1.0.0
329 silly packumentCache full:https://registry.npmjs.org/buffer-from cache-miss
330 http cache https://registry.npmjs.org/charm 50ms (cache hit)
331 silly packumentCache full:https://registry.npmjs.org/charm set size:27884 disposed:false
332 silly fetch manifest source-map@^0.6.0
333 silly packumentCache full:https://registry.npmjs.org/source-map cache-miss
334 http cache https://registry.npmjs.org/tx2 39ms (cache hit)
335 silly packumentCache full:https://registry.npmjs.org/tx2 set size:7551 disposed:false
336 silly fetch manifest git-node-fs@^1.0.0
337 silly packumentCache full:https://registry.npmjs.org/git-node-fs cache-miss
338 http cache https://registry.npmjs.org/systeminformation 69ms (cache hit)
339 silly packumentCache full:https://registry.npmjs.org/systeminformation set size:2187787 disposed:false
340 silly fetch manifest ini@^1.3.5
341 silly packumentCache full:https://registry.npmjs.org/ini cache-miss
342 http cache https://registry.npmjs.org/read 146ms (cache hit)
343 silly packumentCache full:https://registry.npmjs.org/read set size:35004 disposed:false
344 silly fetch manifest js-git@^0.7.8
345 silly packumentCache full:https://registry.npmjs.org/js-git cache-miss
346 http cache https://registry.npmjs.org/buffer-from 147ms (cache hit)
347 silly packumentCache full:https://registry.npmjs.org/buffer-from set size:15463 disposed:false
348 http cache https://registry.npmjs.org/source-map 145ms (cache hit)
349 silly packumentCache full:https://registry.npmjs.org/source-map set size:243370 disposed:false
350 http cache https://registry.npmjs.org/ini 59ms (cache hit)
351 silly packumentCache full:https://registry.npmjs.org/ini set size:54643 disposed:false
352 http cache https://registry.npmjs.org/git-node-fs 171ms (cache hit)
353 silly packumentCache full:https://registry.npmjs.org/git-node-fs set size:5780 disposed:false
354 http cache https://registry.npmjs.org/js-git 54ms (cache hit)
355 silly packumentCache full:https://registry.npmjs.org/js-git set size:47312 disposed:false
356 silly fetch manifest bufferutil@^4.0.1
357 silly packumentCache full:https://registry.npmjs.org/bufferutil cache-miss
358 http cache https://registry.npmjs.org/bufferutil 23ms (cache hit)
359 silly packumentCache full:https://registry.npmjs.org/bufferutil set size:51033 disposed:false
360 silly fetch manifest utf-8-validate@^5.0.2
361 silly packumentCache full:https://registry.npmjs.org/utf-8-validate cache-miss
362 http cache https://registry.npmjs.org/utf-8-validate 28ms (cache hit)
363 silly packumentCache full:https://registry.npmjs.org/utf-8-validate set size:75205 disposed:false
364 silly placeDep node_modules/pm2/node_modules/@pm2/agent dayjs@1.8.36 OK for: @pm2/agent@2.1.1 want: ~1.8.24
365 silly placeDep node_modules/pm2/node_modules/@pm2/agent debug@4.3.7 OK for: @pm2/agent@2.1.1 want: ~4.3.1
366 silly placeDep node_modules/pm2 fast-json-patch@3.1.1 OK for: @pm2/agent@2.1.1 want: ^3.1.0
367 silly placeDep node_modules/pm2 proxy-agent@6.4.0 OK for: @pm2/agent@2.1.1 want: ~6.4.0
368 silly placeDep node_modules/pm2/node_modules/@pm2/agent semver@7.5.4 OK for: @pm2/agent@2.1.1 want: ~7.5.0
369 silly placeDep node_modules/pm2 ws@7.5.10 OK for: @pm2/agent@2.1.1 want: ~7.5.10
370 silly fetch manifest lru-cache@^7.14.1
371 silly packumentCache full:https://registry.npmjs.org/lru-cache cache-miss
372 silly fetch manifest agent-base@^7.0.2
373 silly packumentCache full:https://registry.npmjs.org/agent-base cache-miss
374 silly fetch manifest proxy-from-env@^1.1.0
375 silly packumentCache full:https://registry.npmjs.org/proxy-from-env cache-miss
376 silly fetch manifest pac-proxy-agent@^7.0.1
377 silly packumentCache full:https://registry.npmjs.org/pac-proxy-agent cache-miss
378 silly fetch manifest http-proxy-agent@^7.0.1
379 silly packumentCache full:https://registry.npmjs.org/http-proxy-agent cache-miss
380 http cache https://registry.npmjs.org/proxy-from-env 40ms (cache hit)
381 silly packumentCache full:https://registry.npmjs.org/proxy-from-env set size:15831 disposed:false
382 silly fetch manifest https-proxy-agent@^7.0.3
383 silly packumentCache full:https://registry.npmjs.org/https-proxy-agent cache-miss
384 http cache https://registry.npmjs.org/agent-base 48ms (cache hit)
385 silly packumentCache full:https://registry.npmjs.org/agent-base set size:65276 disposed:false
386 silly fetch manifest socks-proxy-agent@^8.0.2
387 silly packumentCache full:https://registry.npmjs.org/socks-proxy-agent cache-miss
388 http cache https://registry.npmjs.org/http-proxy-agent 48ms (cache hit)
389 silly packumentCache full:https://registry.npmjs.org/http-proxy-agent set size:50096 disposed:false
390 silly fetch manifest lru-cache@^6.0.0
391 silly packumentCache full:https://registry.npmjs.org/lru-cache cache-miss
392 http cache https://registry.npmjs.org/pac-proxy-agent 60ms (cache hit)
393 silly packumentCache full:https://registry.npmjs.org/pac-proxy-agent set size:59229 disposed:false
394 http cache https://registry.npmjs.org/lru-cache 71ms (cache hit)
395 silly packumentCache full:https://registry.npmjs.org/lru-cache set size:391063 disposed:false
396 http cache https://registry.npmjs.org/socks-proxy-agent 52ms (cache hit)
397 silly packumentCache full:https://registry.npmjs.org/socks-proxy-agent set size:96838 disposed:false
398 http cache https://registry.npmjs.org/lru-cache 54ms (cache hit)
399 silly packumentCache full:https://registry.npmjs.org/lru-cache set size:391063 disposed:false
400 silly packumentCache full:https://registry.npmjs.org/lru-cache dispose
401 http cache https://registry.npmjs.org/https-proxy-agent 92ms (cache hit)
402 silly packumentCache full:https://registry.npmjs.org/https-proxy-agent set size:76222 disposed:false
403 silly placeDep node_modules/pm2/node_modules/@pm2/io async@2.6.4 OK for: @pm2/io@6.1.0 want: ~2.6.1
404 silly placeDep node_modules/pm2/node_modules/@pm2/io debug@4.3.7 OK for: @pm2/io@6.1.0 want: ~4.3.1
405 silly placeDep node_modules/pm2/node_modules/@pm2/io eventemitter2@6.4.9 OK for: @pm2/io@6.1.0 want: ^6.3.1
406 silly placeDep node_modules/pm2 require-in-the-middle@5.2.0 OK for: @pm2/io@6.1.0 want: ^5.0.0
407 silly placeDep node_modules/pm2/node_modules/@pm2/io semver@7.5.4 OK for: @pm2/io@6.1.0 want: ~7.5.4
408 silly placeDep node_modules/pm2 shimmer@1.2.1 OK for: @pm2/io@6.1.0 want: ^1.2.0
409 silly placeDep node_modules/pm2 signal-exit@3.0.7 OK for: @pm2/io@6.1.0 want: ^3.0.3
410 silly placeDep node_modules/pm2 tslib@1.9.3 OK for: @pm2/io@6.1.0 want: 1.9.3
411 silly fetch manifest lodash@^4.17.14
412 silly packumentCache full:https://registry.npmjs.org/lodash cache-miss
413 silly fetch manifest resolve@^1.22.1
414 silly packumentCache full:https://registry.npmjs.org/resolve cache-miss
415 silly fetch manifest module-details-from-path@^1.0.3
416 silly packumentCache full:https://registry.npmjs.org/module-details-from-path cache-miss
417 http cache https://registry.npmjs.org/module-details-from-path 196ms (cache hit)
418 silly packumentCache full:https://registry.npmjs.org/module-details-from-path set size:9060 disposed:false
419 http cache https://registry.npmjs.org/resolve 203ms (cache hit)
420 silly packumentCache full:https://registry.npmjs.org/resolve set size:243806 disposed:false
421 http fetch GET 200 https://registry.npmjs.org/lodash 512ms (cache updated)
422 silly packumentCache full:https://registry.npmjs.org/lodash set size:undefined disposed:false
423 silly placeDep node_modules/pm2/node_modules/@pm2/js-api async@2.6.4 OK for: @pm2/js-api@0.8.0 want: ^2.6.3
424 silly placeDep node_modules/pm2/node_modules/@pm2/js-api debug@4.3.7 OK for: @pm2/js-api@0.8.0 want: ~4.3.1
425 silly placeDep node_modules/pm2/node_modules/@pm2/js-api eventemitter2@6.4.9 OK for: @pm2/js-api@0.8.0 want: ^6.3.1
426 silly placeDep node_modules/pm2 extrareqp2@1.0.0 OK for: @pm2/js-api@0.8.0 want: ^1.0.0
427 silly fetch manifest follow-redirects@^1.14.0
428 silly packumentCache full:https://registry.npmjs.org/follow-redirects cache-miss
429 http cache https://registry.npmjs.org/follow-redirects 31ms (cache hit)
430 silly packumentCache full:https://registry.npmjs.org/follow-redirects set size:182478 disposed:false
431 silly placeDep node_modules/pm2 ansi-styles@4.3.0 OK for: chalk@3.0.0 want: ^4.1.0
432 silly placeDep node_modules/pm2 supports-color@7.2.0 OK for: chalk@3.0.0 want: ^7.1.0
433 silly fetch manifest color-convert@^2.0.1
434 silly packumentCache full:https://registry.npmjs.org/color-convert cache-miss
435 silly fetch manifest has-flag@^4.0.0
436 silly packumentCache full:https://registry.npmjs.org/has-flag cache-miss
437 http cache https://registry.npmjs.org/color-convert 16ms (cache hit)
438 silly packumentCache full:https://registry.npmjs.org/color-convert set size:66477 disposed:false
439 http cache https://registry.npmjs.org/has-flag 34ms (cache hit)
440 silly packumentCache full:https://registry.npmjs.org/has-flag set size:15180 disposed:false
441 silly placeDep node_modules/pm2 color-convert@2.0.1 OK for: ansi-styles@4.3.0 want: ^2.0.1
442 silly fetch manifest color-name@~1.1.4
443 silly packumentCache full:https://registry.npmjs.org/color-name cache-miss
444 http cache https://registry.npmjs.org/color-name 8ms (cache hit)
445 silly packumentCache full:https://registry.npmjs.org/color-name set size:16325 disposed:false
446 silly placeDep node_modules/pm2 anymatch@3.1.3 OK for: chokidar@3.6.0 want: ~3.1.2
447 silly placeDep node_modules/pm2 braces@3.0.3 OK for: chokidar@3.6.0 want: ~3.0.2
448 silly placeDep node_modules/pm2 fsevents@2.3.3 OK for: chokidar@3.6.0 want: ~2.3.2
449 silly placeDep node_modules/pm2 glob-parent@5.1.2 OK for: chokidar@3.6.0 want: ~5.1.2
450 silly placeDep node_modules/pm2 is-binary-path@2.1.0 OK for: chokidar@3.6.0 want: ~2.1.0
451 silly placeDep node_modules/pm2 is-glob@4.0.3 OK for: chokidar@3.6.0 want: ~4.0.1
452 silly placeDep node_modules/pm2 normalize-path@3.0.0 OK for: chokidar@3.6.0 want: ~3.0.0
453 silly placeDep node_modules/pm2 readdirp@3.6.0 OK for: chokidar@3.6.0 want: ~3.6.0
454 silly fetch manifest picomatch@^2.0.4
455 silly packumentCache full:https://registry.npmjs.org/picomatch cache-miss
456 silly fetch manifest normalize-path@^3.0.0
457 silly packumentCache full:https://registry.npmjs.org/normalize-path cache-hit
458 silly fetch manifest fill-range@^7.1.1
459 silly packumentCache full:https://registry.npmjs.org/fill-range cache-miss
460 silly fetch manifest is-glob@^4.0.1
461 silly packumentCache full:https://registry.npmjs.org/is-glob cache-hit
462 silly fetch manifest binary-extensions@^2.0.0
463 silly packumentCache full:https://registry.npmjs.org/binary-extensions cache-miss
464 silly fetch manifest is-extglob@^2.1.1
465 silly packumentCache full:https://registry.npmjs.org/is-extglob cache-miss
466 silly fetch manifest picomatch@^2.2.1
467 silly packumentCache full:https://registry.npmjs.org/picomatch cache-miss
468 http cache https://registry.npmjs.org/picomatch 37ms (cache hit)
469 silly packumentCache full:https://registry.npmjs.org/picomatch set size:116191 disposed:false
470 http cache https://registry.npmjs.org/picomatch 33ms (cache hit)
471 silly packumentCache full:https://registry.npmjs.org/picomatch set size:116191 disposed:false
472 silly packumentCache full:https://registry.npmjs.org/picomatch dispose
473 http cache https://registry.npmjs.org/binary-extensions 57ms (cache hit)
474 silly packumentCache full:https://registry.npmjs.org/binary-extensions set size:49673 disposed:false
475 http cache https://registry.npmjs.org/fill-range 65ms (cache hit)
476 silly packumentCache full:https://registry.npmjs.org/fill-range set size:90212 disposed:false
477 http cache https://registry.npmjs.org/is-extglob 64ms (cache hit)
478 silly packumentCache full:https://registry.npmjs.org/is-extglob set size:11766 disposed:false
479 silly placeDep node_modules/pm2 picomatch@2.3.1 OK for: anymatch@3.1.3 want: ^2.0.4
480 silly placeDep node_modules/pm2 fill-range@7.1.1 OK for: braces@3.0.3 want: ^7.1.1
481 silly fetch manifest to-regex-range@^5.0.1
482 silly packumentCache full:https://registry.npmjs.org/to-regex-range cache-miss
483 http cache https://registry.npmjs.org/to-regex-range 21ms (cache hit)
484 silly packumentCache full:https://registry.npmjs.org/to-regex-range set size:61569 disposed:false
485 silly placeDep node_modules/pm2 color-name@1.1.4 OK for: color-convert@2.0.1 want: ~1.1.4
486 silly placeDep node_modules/pm2 ms@2.1.3 OK for: debug@4.4.0 want: ^2.1.3
487 silly placeDep node_modules/pm2 ansi-colors@4.1.3 OK for: enquirer@2.3.6 want: ^4.1.1
488 silly placeDep node_modules/pm2 follow-redirects@1.15.9 OK for: extrareqp2@1.0.0 want: ^1.14.0
489 silly placeDep node_modules/pm2 to-regex-range@5.0.1 OK for: fill-range@7.1.1 want: ^5.0.1
490 silly fetch manifest is-number@^7.0.0
491 silly packumentCache full:https://registry.npmjs.org/is-number cache-miss
492 http cache https://registry.npmjs.org/is-number 15ms (cache hit)
493 silly packumentCache full:https://registry.npmjs.org/is-number set size:36183 disposed:false
494 silly placeDep node_modules/pm2 binary-extensions@2.3.0 OK for: is-binary-path@2.1.0 want: ^2.0.0
495 silly placeDep node_modules/pm2 is-extglob@2.1.1 OK for: is-glob@4.0.3 want: ^2.1.1
496 silly placeDep node_modules/pm2 argparse@2.0.1 OK for: js-yaml@4.1.0 want: ^2.0.1
497 silly placeDep node_modules/pm2/node_modules/needle debug@3.2.7 OK for: needle@2.4.0 want: ^3.2.6
498 silly placeDep node_modules/pm2 iconv-lite@0.4.24 OK for: needle@2.4.0 want: ^0.4.4
499 silly placeDep node_modules/pm2 sax@1.4.1 OK for: needle@2.4.0 want: ^1.2.4
500 silly fetch manifest safer-buffer@>= 2.1.2 < 3
501 silly packumentCache full:https://registry.npmjs.org/safer-buffer cache-miss
502 http cache https://registry.npmjs.org/safer-buffer 33ms (cache hit)
503 silly packumentCache full:https://registry.npmjs.org/safer-buffer set size:18521 disposed:false
504 silly placeDep node_modules/pm2 safer-buffer@2.1.2 OK for: iconv-lite@0.4.24 want: >= 2.1.2 < 3
505 silly placeDep node_modules/pm2 safe-buffer@5.2.1 OK for: pidusage@3.0.2 want: ^5.2.1
506 silly placeDep node_modules/pm2 amp@0.3.1 OK for: pm2-axon@4.0.1 want: ~0.3.1
507 silly placeDep node_modules/pm2 amp-message@0.1.2 OK for: pm2-axon@4.0.1 want: ~0.1.1
508 silly placeDep node_modules/pm2 escape-string-regexp@4.0.0 OK for: pm2-axon@4.0.1 want: ^4.0.0
509 silly placeDep node_modules/pm2 run-series@1.1.9 OK for: pm2-deploy@1.0.2 want: ^1.1.8
510 silly placeDep node_modules/pm2 tv4@1.3.0 OK for: pm2-deploy@1.0.2 want: ^1.3.0
511 silly placeDep node_modules/pm2 charm@0.1.2 OK for: pm2-multimeter@0.1.2 want: ~0.1.1
512 silly placeDep node_modules/pm2/node_modules/pm2-sysmonit pidusage@2.0.21 OK for: pm2-sysmonit@1.2.8 want: ^2.0.21
513 silly placeDep node_modules/pm2 systeminformation@5.25.11 OK for: pm2-sysmonit@1.2.8 want: ^5.7
514 silly placeDep node_modules/pm2 tx2@1.0.5 OK for: pm2-sysmonit@1.2.8 want: ~1.0.4
515 silly fetch manifest json-stringify-safe@^5.0.1
516 silly packumentCache full:https://registry.npmjs.org/json-stringify-safe cache-miss
517 http cache https://registry.npmjs.org/json-stringify-safe 18ms (cache hit)
518 silly packumentCache full:https://registry.npmjs.org/json-stringify-safe set size:8806 disposed:false
519 silly placeDep node_modules/pm2 read@1.0.7 OK for: promptly@2.2.0 want: ^1.0.4
520 silly fetch manifest mute-stream@~0.0.4
521 silly packumentCache full:https://registry.npmjs.org/mute-stream cache-miss
522 http cache https://registry.npmjs.org/mute-stream 36ms (cache hit)
523 silly packumentCache full:https://registry.npmjs.org/mute-stream set size:19361 disposed:false
524 silly placeDep node_modules/pm2 agent-base@7.1.3 OK for: proxy-agent@6.4.0 want: ^7.0.2
525 silly placeDep node_modules/pm2 http-proxy-agent@7.0.2 OK for: proxy-agent@6.4.0 want: ^7.0.1
526 silly placeDep node_modules/pm2 https-proxy-agent@7.0.6 OK for: proxy-agent@6.4.0 want: ^7.0.3
527 silly placeDep node_modules/pm2 lru-cache@7.18.3 OK for: proxy-agent@6.4.0 want: ^7.14.1
528 silly placeDep node_modules/pm2 pac-proxy-agent@7.2.0 OK for: proxy-agent@6.4.0 want: ^7.0.1
529 silly placeDep node_modules/pm2 proxy-from-env@1.1.0 OK for: proxy-agent@6.4.0 want: ^1.1.0
530 silly placeDep node_modules/pm2 socks-proxy-agent@8.0.5 OK for: proxy-agent@6.4.0 want: ^8.0.2
531 silly fetch manifest @tootallnate/quickjs-emscripten@^0.23.0
532 silly packumentCache full:https://registry.npmjs.org/@tootallnate%2fquickjs-emscripten cache-miss
533 silly fetch manifest get-uri@^6.0.1
534 silly packumentCache full:https://registry.npmjs.org/get-uri cache-miss
535 silly fetch manifest pac-resolver@^7.0.1
536 silly packumentCache full:https://registry.npmjs.org/pac-resolver cache-miss
537 silly fetch manifest socks-proxy-agent@^8.0.5
538 silly packumentCache full:https://registry.npmjs.org/socks-proxy-agent cache-hit
539 silly fetch manifest socks@^2.8.3
540 silly packumentCache full:https://registry.npmjs.org/socks cache-miss
541 http cache https://registry.npmjs.org/pac-resolver 35ms (cache hit)
542 silly packumentCache full:https://registry.npmjs.org/pac-resolver set size:54112 disposed:false
543 http cache https://registry.npmjs.org/get-uri 41ms (cache hit)
544 silly packumentCache full:https://registry.npmjs.org/get-uri set size:55262 disposed:false
545 http cache https://registry.npmjs.org/@tootallnate%2fquickjs-emscripten 54ms (cache hit)
546 silly packumentCache full:https://registry.npmjs.org/@tootallnate%2fquickjs-emscripten set size:27622 disposed:false
547 http cache https://registry.npmjs.org/socks 53ms (cache hit)
548 silly packumentCache full:https://registry.npmjs.org/socks set size:161595 disposed:false
549 silly placeDep node_modules/pm2 @tootallnate/quickjs-emscripten@0.23.0 OK for: pac-proxy-agent@7.2.0 want: ^0.23.0
550 silly placeDep node_modules/pm2 get-uri@6.0.4 OK for: pac-proxy-agent@7.2.0 want: ^6.0.1
551 silly placeDep node_modules/pm2 pac-resolver@7.0.1 OK for: pac-proxy-agent@7.2.0 want: ^7.0.1
552 silly fetch manifest basic-ftp@^5.0.2
553 silly packumentCache full:https://registry.npmjs.org/basic-ftp cache-miss
554 silly fetch manifest data-uri-to-buffer@^6.0.2
555 silly packumentCache full:https://registry.npmjs.org/data-uri-to-buffer cache-miss
556 silly fetch manifest degenerator@^5.0.0
557 silly packumentCache full:https://registry.npmjs.org/degenerator cache-miss
558 silly fetch manifest netmask@^2.0.2
559 silly packumentCache full:https://registry.npmjs.org/netmask cache-miss
560 http cache https://registry.npmjs.org/data-uri-to-buffer 38ms (cache hit)
561 silly packumentCache full:https://registry.npmjs.org/data-uri-to-buffer set size:43253 disposed:false
562 http cache https://registry.npmjs.org/basic-ftp 47ms (cache hit)
563 silly packumentCache full:https://registry.npmjs.org/basic-ftp set size:272247 disposed:false
564 http cache https://registry.npmjs.org/netmask 56ms (cache hit)
565 silly packumentCache full:https://registry.npmjs.org/netmask set size:21537 disposed:false
566 http cache https://registry.npmjs.org/degenerator 61ms (cache hit)
567 silly packumentCache full:https://registry.npmjs.org/degenerator set size:71179 disposed:false
568 silly placeDep node_modules/pm2 basic-ftp@5.0.5 OK for: get-uri@6.0.4 want: ^5.0.2
569 silly placeDep node_modules/pm2 data-uri-to-buffer@6.0.2 OK for: get-uri@6.0.4 want: ^6.0.2
570 silly placeDep node_modules/pm2 degenerator@5.0.1 OK for: pac-resolver@7.0.1 want: ^5.0.0
571 silly placeDep node_modules/pm2 netmask@2.0.2 OK for: pac-resolver@7.0.1 want: ^2.0.2
572 silly fetch manifest ast-types@^0.13.4
573 silly packumentCache full:https://registry.npmjs.org/ast-types cache-miss
574 silly fetch manifest escodegen@^2.1.0
575 silly packumentCache full:https://registry.npmjs.org/escodegen cache-miss
576 silly fetch manifest esprima@^4.0.1
577 silly packumentCache full:https://registry.npmjs.org/esprima cache-miss
578 http cache https://registry.npmjs.org/escodegen 27ms (cache hit)
579 silly packumentCache full:https://registry.npmjs.org/escodegen set size:119723 disposed:false
580 http cache https://registry.npmjs.org/esprima 35ms (cache hit)
581 silly packumentCache full:https://registry.npmjs.org/esprima set size:118410 disposed:false
582 http cache https://registry.npmjs.org/ast-types 48ms (cache hit)
583 silly packumentCache full:https://registry.npmjs.org/ast-types set size:443020 disposed:false
584 silly placeDep node_modules/pm2 ast-types@0.13.4 OK for: degenerator@5.0.1 want: ^0.13.4
585 silly placeDep node_modules/pm2 escodegen@2.1.0 OK for: degenerator@5.0.1 want: ^2.1.0
586 silly placeDep node_modules/pm2 esprima@4.0.1 OK for: degenerator@5.0.1 want: ^4.0.1
587 silly fetch manifest tslib@^2.0.1
588 silly packumentCache full:https://registry.npmjs.org/tslib cache-hit
589 silly fetch manifest estraverse@^5.2.0
590 silly packumentCache full:https://registry.npmjs.org/estraverse cache-miss
591 silly fetch manifest esutils@^2.0.2
592 silly packumentCache full:https://registry.npmjs.org/esutils cache-miss
593 silly fetch manifest source-map@~0.6.1
594 silly packumentCache full:https://registry.npmjs.org/source-map cache-hit
595 http cache https://registry.npmjs.org/esutils 37ms (cache hit)
596 silly packumentCache full:https://registry.npmjs.org/esutils set size:29522 disposed:false
597 http cache https://registry.npmjs.org/estraverse 42ms (cache hit)
598 silly packumentCache full:https://registry.npmjs.org/estraverse set size:62412 disposed:false
599 silly placeDep node_modules/pm2/node_modules/ast-types tslib@2.8.1 OK for: ast-types@0.13.4 want: ^2.0.1
600 silly placeDep node_modules/pm2 estraverse@5.3.0 OK for: escodegen@2.1.0 want: ^5.2.0
601 silly placeDep node_modules/pm2 esutils@2.0.3 OK for: escodegen@2.1.0 want: ^2.0.2
602 silly placeDep node_modules/pm2 source-map@0.6.1 OK for: escodegen@2.1.0 want: ~0.6.1
603 silly placeDep node_modules/pm2 mute-stream@0.0.8 OK for: read@1.0.7 want: ~0.0.4
604 silly placeDep node_modules/pm2 module-details-from-path@1.0.3 OK for: require-in-the-middle@5.2.0 want: ^1.0.3
605 silly placeDep node_modules/pm2 resolve@1.22.10 OK for: require-in-the-middle@5.2.0 want: ^1.22.1
606 silly fetch manifest is-core-module@^2.16.0
607 silly packumentCache full:https://registry.npmjs.org/is-core-module cache-miss
608 silly fetch manifest path-parse@^1.0.7
609 silly packumentCache full:https://registry.npmjs.org/path-parse cache-miss
610 silly fetch manifest supports-preserve-symlinks-flag@^1.0.0
611 silly packumentCache full:https://registry.npmjs.org/supports-preserve-symlinks-flag cache-miss
612 http cache https://registry.npmjs.org/path-parse 30ms (cache hit)
613 silly packumentCache full:https://registry.npmjs.org/path-parse set size:14523 disposed:false
614 http cache https://registry.npmjs.org/supports-preserve-symlinks-flag 33ms (cache hit)
615 silly packumentCache full:https://registry.npmjs.org/supports-preserve-symlinks-flag set size:6802 disposed:false
616 http cache https://registry.npmjs.org/is-core-module 39ms (cache hit)
617 silly packumentCache full:https://registry.npmjs.org/is-core-module set size:71788 disposed:false
618 silly placeDep node_modules/pm2 is-core-module@2.16.1 OK for: resolve@1.22.10 want: ^2.16.0
619 silly placeDep node_modules/pm2 path-parse@1.0.7 OK for: resolve@1.22.10 want: ^1.0.7
620 silly placeDep node_modules/pm2 supports-preserve-symlinks-flag@1.0.0 OK for: resolve@1.22.10 want: ^1.0.0
621 silly fetch manifest hasown@^2.0.2
622 silly packumentCache full:https://registry.npmjs.org/hasown cache-miss
623 http cache https://registry.npmjs.org/hasown 15ms (cache hit)
624 silly packumentCache full:https://registry.npmjs.org/hasown set size:12476 disposed:false
625 silly placeDep node_modules/pm2 hasown@2.0.2 OK for: is-core-module@2.16.1 want: ^2.0.2
626 silly fetch manifest function-bind@^1.1.2
627 silly packumentCache full:https://registry.npmjs.org/function-bind cache-miss
628 http cache https://registry.npmjs.org/function-bind 28ms (cache hit)
629 silly packumentCache full:https://registry.npmjs.org/function-bind set size:15733 disposed:false
630 silly placeDep node_modules/pm2 function-bind@1.1.2 OK for: hasown@2.0.2 want: ^1.1.2
631 silly placeDep node_modules/pm2 socks@2.8.4 OK for: socks-proxy-agent@8.0.5 want: ^2.8.3
632 silly fetch manifest ip-address@^9.0.5
633 silly packumentCache full:https://registry.npmjs.org/ip-address cache-miss
634 silly fetch manifest smart-buffer@^4.2.0
635 silly packumentCache full:https://registry.npmjs.org/smart-buffer cache-miss
636 http cache https://registry.npmjs.org/smart-buffer 36ms (cache hit)
637 silly packumentCache full:https://registry.npmjs.org/smart-buffer set size:87065 disposed:false
638 http cache https://registry.npmjs.org/ip-address 46ms (cache hit)
639 silly packumentCache full:https://registry.npmjs.org/ip-address set size:132466 disposed:false
640 silly placeDep node_modules/pm2 ip-address@9.0.5 OK for: socks@2.8.4 want: ^9.0.5
641 silly placeDep node_modules/pm2 smart-buffer@4.2.0 OK for: socks@2.8.4 want: ^4.2.0
642 silly fetch manifest jsbn@1.1.0
643 silly packumentCache full:https://registry.npmjs.org/jsbn cache-miss
644 silly fetch manifest sprintf-js@^1.1.3
645 silly packumentCache full:https://registry.npmjs.org/sprintf-js cache-hit
646 http cache https://registry.npmjs.org/jsbn 17ms (cache hit)
647 silly packumentCache full:https://registry.npmjs.org/jsbn set size:8169 disposed:false
648 silly placeDep node_modules/pm2 jsbn@1.1.0 OK for: ip-address@9.0.5 want: 1.1.0
649 silly placeDep node_modules/pm2/node_modules/ip-address sprintf-js@1.1.3 OK for: ip-address@9.0.5 want: ^1.1.3
650 silly placeDep node_modules/pm2 buffer-from@1.1.2 OK for: source-map-support@0.5.21 want: ^1.0.0
651 silly placeDep node_modules/pm2 has-flag@4.0.0 OK for: supports-color@7.2.0 want: ^4.0.0
652 silly placeDep node_modules/pm2 is-number@7.0.0 OK for: to-regex-range@5.0.1 want: ^7.0.0
653 silly placeDep node_modules/pm2 json-stringify-safe@5.0.1 OK for: tx2@1.0.5 want: ^5.0.1
654 silly placeDep node_modules/pm2/node_modules/vizion async@2.6.4 OK for: vizion@2.2.1 want: ^2.6.3
655 silly placeDep node_modules/pm2 git-node-fs@1.0.0 OK for: vizion@2.2.1 want: ^1.0.0
656 silly placeDep node_modules/pm2 ini@1.3.8 OK for: vizion@2.2.1 want: ^1.3.5
657 silly placeDep node_modules/pm2 js-git@0.7.8 OK for: vizion@2.2.1 want: ^0.7.8
658 silly fetch manifest bodec@^0.1.0
659 silly packumentCache full:https://registry.npmjs.org/bodec cache-miss
660 silly fetch manifest culvert@^0.1.2
661 silly packumentCache full:https://registry.npmjs.org/culvert cache-miss
662 silly fetch manifest git-sha1@^0.1.2
663 silly packumentCache full:https://registry.npmjs.org/git-sha1 cache-miss
664 silly fetch manifest pako@^0.2.5
665 silly packumentCache full:https://registry.npmjs.org/pako cache-miss
666 http cache https://registry.npmjs.org/culvert 29ms (cache hit)
667 silly packumentCache full:https://registry.npmjs.org/culvert set size:6953 disposed:false
668 http cache https://registry.npmjs.org/pako 29ms (cache hit)
669 silly packumentCache full:https://registry.npmjs.org/pako set size:74234 disposed:false
670 http cache https://registry.npmjs.org/bodec 41ms (cache hit)
671 silly packumentCache full:https://registry.npmjs.org/bodec set size:5489 disposed:false
672 http cache https://registry.npmjs.org/git-sha1 41ms (cache hit)
673 silly packumentCache full:https://registry.npmjs.org/git-sha1 set size:4199 disposed:false
674 silly placeDep node_modules/pm2 bodec@0.1.0 OK for: js-git@0.7.8 want: ^0.1.0
675 silly placeDep node_modules/pm2 culvert@0.1.2 OK for: js-git@0.7.8 want: ^0.1.2
676 silly placeDep node_modules/pm2 git-sha1@0.1.2 OK for: js-git@0.7.8 want: ^0.1.2
677 silly placeDep node_modules/pm2 pako@0.2.9 OK for: js-git@0.7.8 want: ^0.2.5
678 silly placeDep node_modules/pm2/node_modules/@pm2/agent lru-cache@6.0.0 OK for: semver@7.5.4 want: ^6.0.0
679 silly fetch manifest yallist@^4.0.0
680 silly packumentCache full:https://registry.npmjs.org/yallist cache-miss
681 http cache https://registry.npmjs.org/yallist 21ms (cache hit)
682 silly packumentCache full:https://registry.npmjs.org/yallist set size:34610 disposed:false
683 silly placeDep node_modules/pm2 yallist@4.0.0 OK for: lru-cache@6.0.0 want: ^4.0.0
684 silly placeDep node_modules/pm2 lodash@4.17.21 OK for: async@2.6.4 want: ^4.17.14
685 silly placeDep node_modules/pm2/node_modules/@pm2/io lru-cache@6.0.0 OK for: semver@7.5.4 want: ^6.0.0
686 silly reify moves {}
687 verbose reify failed optional dependency /data/data/com.termux/files/usr/lib/node_modules/pm2/node_modules/fsevents
688 silly reify mark deleted [
688 silly reify   '/data/data/com.termux/files/usr/lib/node_modules/pm2/node_modules/fsevents'
688 silly reify ]
689 http cache pm2@https://registry.npmjs.org/pm2/-/pm2-6.0.5.tgz 0ms (cache hit)
690 http cache lodash@https://registry.npmjs.org/lodash/-/lodash-4.17.21.tgz 1ms (cache hit)
691 http cache yallist@https://registry.npmjs.org/yallist/-/yallist-4.0.0.tgz 0ms (cache hit)
692 http cache pako@https://registry.npmjs.org/pako/-/pako-0.2.9.tgz 0ms (cache hit)
693 http cache bodec@https://registry.npmjs.org/bodec/-/bodec-0.1.0.tgz 0ms (cache hit)
694 http cache culvert@https://registry.npmjs.org/culvert/-/culvert-0.1.2.tgz 0ms (cache hit)
695 http cache js-git@https://registry.npmjs.org/js-git/-/js-git-0.7.8.tgz 0ms (cache hit)
696 http cache ini@https://registry.npmjs.org/ini/-/ini-1.3.8.tgz 0ms (cache hit)
697 http cache git-node-fs@https://registry.npmjs.org/git-node-fs/-/git-node-fs-1.0.0.tgz 0ms (cache hit)
698 http cache json-stringify-safe@https://registry.npmjs.org/json-stringify-safe/-/json-stringify-safe-5.0.1.tgz 0ms (cache hit)
699 http cache is-number@https://registry.npmjs.org/is-number/-/is-number-7.0.0.tgz 0ms (cache hit)
700 http cache has-flag@https://registry.npmjs.org/has-flag/-/has-flag-4.0.0.tgz 0ms (cache hit)
701 http cache buffer-from@https://registry.npmjs.org/buffer-from/-/buffer-from-1.1.2.tgz 0ms (cache hit)
702 http cache jsbn@https://registry.npmjs.org/jsbn/-/jsbn-1.1.0.tgz 0ms (cache hit)
703 http cache smart-buffer@https://registry.npmjs.org/smart-buffer/-/smart-buffer-4.2.0.tgz 0ms (cache hit)
704 http cache ip-address@https://registry.npmjs.org/ip-address/-/ip-address-9.0.5.tgz 1ms (cache hit)
705 http cache sprintf-js@https://registry.npmjs.org/sprintf-js/-/sprintf-js-1.1.3.tgz 0ms (cache hit)
706 http cache socks@https://registry.npmjs.org/socks/-/socks-2.8.4.tgz 0ms (cache hit)
707 http cache function-bind@https://registry.npmjs.org/function-bind/-/function-bind-1.1.2.tgz 0ms (cache hit)
708 http cache hasown@https://registry.npmjs.org/hasown/-/hasown-2.0.2.tgz 0ms (cache hit)
709 http cache path-parse@https://registry.npmjs.org/path-parse/-/path-parse-1.0.7.tgz 0ms (cache hit)
710 http cache supports-preserve-symlinks-flag@https://registry.npmjs.org/supports-preserve-symlinks-flag/-/supports-preserve-symlinks-flag-1.0.0.tgz 0ms (cache hit)
711 http cache is-core-module@https://registry.npmjs.org/is-core-module/-/is-core-module-2.16.1.tgz 0ms (cache hit)
712 http cache resolve@https://registry.npmjs.org/resolve/-/resolve-1.22.10.tgz 0ms (cache hit)
713 http cache mute-stream@https://registry.npmjs.org/mute-stream/-/mute-stream-0.0.8.tgz 0ms (cache hit)
714 http cache module-details-from-path@https://registry.npmjs.org/module-details-from-path/-/module-details-from-path-1.0.3.tgz 0ms (cache hit)
715 http cache source-map@https://registry.npmjs.org/source-map/-/source-map-0.6.1.tgz 0ms (cache hit)
716 http cache esutils@https://registry.npmjs.org/esutils/-/esutils-2.0.3.tgz 0ms (cache hit)
717 http cache estraverse@https://registry.npmjs.org/estraverse/-/estraverse-5.3.0.tgz 0ms (cache hit)
718 http cache esprima@https://registry.npmjs.org/esprima/-/esprima-4.0.1.tgz 0ms (cache hit)
719 http cache escodegen@https://registry.npmjs.org/escodegen/-/escodegen-2.1.0.tgz 0ms (cache hit)
720 http cache ast-types@https://registry.npmjs.org/ast-types/-/ast-types-0.13.4.tgz 0ms (cache hit)
721 http cache tslib@https://registry.npmjs.org/tslib/-/tslib-2.8.1.tgz 0ms (cache hit)
722 http cache netmask@https://registry.npmjs.org/netmask/-/netmask-2.0.2.tgz 0ms (cache hit)
723 http cache degenerator@https://registry.npmjs.org/degenerator/-/degenerator-5.0.1.tgz 0ms (cache hit)
724 http cache data-uri-to-buffer@https://registry.npmjs.org/data-uri-to-buffer/-/data-uri-to-buffer-6.0.2.tgz 0ms (cache hit)
725 http cache basic-ftp@https://registry.npmjs.org/basic-ftp/-/basic-ftp-5.0.5.tgz 0ms (cache hit)
726 http cache pac-resolver@https://registry.npmjs.org/pac-resolver/-/pac-resolver-7.0.1.tgz 0ms (cache hit)
727 http cache get-uri@https://registry.npmjs.org/get-uri/-/get-uri-6.0.4.tgz 1ms (cache hit)
728 http cache socks-proxy-agent@https://registry.npmjs.org/socks-proxy-agent/-/socks-proxy-agent-8.0.5.tgz 0ms (cache hit)
729 http cache @tootallnate/quickjs-emscripten@https://registry.npmjs.org/@tootallnate/quickjs-emscripten/-/quickjs-emscripten-0.23.0.tgz 0ms (cache hit)
730 http cache proxy-from-env@https://registry.npmjs.org/proxy-from-env/-/proxy-from-env-1.1.0.tgz 0ms (cache hit)
731 http cache pac-proxy-agent@https://registry.npmjs.org/pac-proxy-agent/-/pac-proxy-agent-7.2.0.tgz 0ms (cache hit)
732 http cache lru-cache@https://registry.npmjs.org/lru-cache/-/lru-cache-7.18.3.tgz 0ms (cache hit)
733 http cache https-proxy-agent@https://registry.npmjs.org/https-proxy-agent/-/https-proxy-agent-7.0.6.tgz 0ms (cache hit)
734 http cache http-proxy-agent@https://registry.npmjs.org/http-proxy-agent/-/http-proxy-agent-7.0.2.tgz 0ms (cache hit)
735 http cache agent-base@https://registry.npmjs.org/agent-base/-/agent-base-7.1.3.tgz 0ms (cache hit)
736 http cache read@https://registry.npmjs.org/read/-/read-1.0.7.tgz 0ms (cache hit)
737 http cache tx2@https://registry.npmjs.org/tx2/-/tx2-1.0.5.tgz 0ms (cache hit)
738 http cache systeminformation@https://registry.npmjs.org/systeminformation/-/systeminformation-5.25.11.tgz 0ms (cache hit)
739 http cache charm@https://registry.npmjs.org/charm/-/charm-0.1.2.tgz 0ms (cache hit)
740 http cache tv4@https://registry.npmjs.org/tv4/-/tv4-1.3.0.tgz 1ms (cache hit)
741 http cache run-series@https://registry.npmjs.org/run-series/-/run-series-1.1.9.tgz 0ms (cache hit)
742 http cache escape-string-regexp@https://registry.npmjs.org/escape-string-regexp/-/escape-string-regexp-4.0.0.tgz 0ms (cache hit)
743 http cache amp-message@https://registry.npmjs.org/amp-message/-/amp-message-0.1.2.tgz 0ms (cache hit)
744 http cache amp@https://registry.npmjs.org/amp/-/amp-0.3.1.tgz 0ms (cache hit)
745 http cache safe-buffer@https://registry.npmjs.org/safe-buffer/-/safe-buffer-5.2.1.tgz 0ms (cache hit)
746 http cache safer-buffer@https://registry.npmjs.org/safer-buffer/-/safer-buffer-2.1.2.tgz 0ms (cache hit)
747 http cache sax@https://registry.npmjs.org/sax/-/sax-1.4.1.tgz 0ms (cache hit)
748 http cache iconv-lite@https://registry.npmjs.org/iconv-lite/-/iconv-lite-0.4.24.tgz 1ms (cache hit)
749 http cache argparse@https://registry.npmjs.org/argparse/-/argparse-2.0.1.tgz 0ms (cache hit)
750 http cache is-extglob@https://registry.npmjs.org/is-extglob/-/is-extglob-2.1.1.tgz 0ms (cache hit)
751 http cache binary-extensions@https://registry.npmjs.org/binary-extensions/-/binary-extensions-2.3.0.tgz 0ms (cache hit)
752 http cache to-regex-range@https://registry.npmjs.org/to-regex-range/-/to-regex-range-5.0.1.tgz 0ms (cache hit)
753 http cache follow-redirects@https://registry.npmjs.org/follow-redirects/-/follow-redirects-1.15.9.tgz 0ms (cache hit)
754 http cache ansi-colors@https://registry.npmjs.org/ansi-colors/-/ansi-colors-4.1.3.tgz 0ms (cache hit)
755 http cache ms@https://registry.npmjs.org/ms/-/ms-2.1.3.tgz 0ms (cache hit)
756 http cache color-name@https://registry.npmjs.org/color-name/-/color-name-1.1.4.tgz 0ms (cache hit)
757 http cache fill-range@https://registry.npmjs.org/fill-range/-/fill-range-7.1.1.tgz 0ms (cache hit)
758 http cache picomatch@https://registry.npmjs.org/picomatch/-/picomatch-2.3.1.tgz 0ms (cache hit)
759 http cache readdirp@https://registry.npmjs.org/readdirp/-/readdirp-3.6.0.tgz 0ms (cache hit)
760 http cache normalize-path@https://registry.npmjs.org/normalize-path/-/normalize-path-3.0.0.tgz 0ms (cache hit)
761 http cache is-glob@https://registry.npmjs.org/is-glob/-/is-glob-4.0.3.tgz 0ms (cache hit)
762 http cache is-binary-path@https://registry.npmjs.org/is-binary-path/-/is-binary-path-2.1.0.tgz 0ms (cache hit)
763 http cache glob-parent@https://registry.npmjs.org/glob-parent/-/glob-parent-5.1.2.tgz 1ms (cache hit)
764 http cache braces@https://registry.npmjs.org/braces/-/braces-3.0.3.tgz 0ms (cache hit)
765 http cache anymatch@https://registry.npmjs.org/anymatch/-/anymatch-3.1.3.tgz 0ms (cache hit)
766 http cache color-convert@https://registry.npmjs.org/color-convert/-/color-convert-2.0.1.tgz 0ms (cache hit)
767 http cache ansi-styles@https://registry.npmjs.org/ansi-styles/-/ansi-styles-4.3.0.tgz 0ms (cache hit)
768 http cache supports-color@https://registry.npmjs.org/supports-color/-/supports-color-7.2.0.tgz 0ms (cache hit)
769 http cache extrareqp2@https://registry.npmjs.org/extrareqp2/-/extrareqp2-1.0.0.tgz 0ms (cache hit)
770 http cache tslib@https://registry.npmjs.org/tslib/-/tslib-1.9.3.tgz 0ms (cache hit)
771 http cache signal-exit@https://registry.npmjs.org/signal-exit/-/signal-exit-3.0.7.tgz 0ms (cache hit)
772 http cache shimmer@https://registry.npmjs.org/shimmer/-/shimmer-1.2.1.tgz 0ms (cache hit)
773 http cache require-in-the-middle@https://registry.npmjs.org/require-in-the-middle/-/require-in-the-middle-5.2.0.tgz 0ms (cache hit)
774 http cache ws@https://registry.npmjs.org/ws/-/ws-7.5.10.tgz 0ms (cache hit)
775 http cache proxy-agent@https://registry.npmjs.org/proxy-agent/-/proxy-agent-6.4.0.tgz 0ms (cache hit)
776 http cache fast-json-patch@https://registry.npmjs.org/fast-json-patch/-/fast-json-patch-3.1.1.tgz 0ms (cache hit)
777 http cache vizion@https://registry.npmjs.org/vizion/-/vizion-2.2.1.tgz 0ms (cache hit)
778 http cache async@https://registry.npmjs.org/async/-/async-2.6.4.tgz 0ms (cache hit)
779 http cache sprintf-js@https://registry.npmjs.org/sprintf-js/-/sprintf-js-1.1.2.tgz 0ms (cache hit)
780 http cache source-map-support@https://registry.npmjs.org/source-map-support/-/source-map-support-0.5.21.tgz 0ms (cache hit)
781 http cache semver@https://registry.npmjs.org/semver/-/semver-7.7.1.tgz 0ms (cache hit)
782 http cache pm2-sysmonit@https://registry.npmjs.org/pm2-sysmonit/-/pm2-sysmonit-1.2.8.tgz 0ms (cache hit)
783 http cache promptly@https://registry.npmjs.org/promptly/-/promptly-2.2.0.tgz 0ms (cache hit)
784 http cache pidusage@https://registry.npmjs.org/pidusage/-/pidusage-2.0.21.tgz 0ms (cache hit)
785 http cache pm2-multimeter@https://registry.npmjs.org/pm2-multimeter/-/pm2-multimeter-0.1.2.tgz 1ms (cache hit)
786 http cache pm2-deploy@https://registry.npmjs.org/pm2-deploy/-/pm2-deploy-1.0.2.tgz 0ms (cache hit)
787 http cache pm2-axon-rpc@https://registry.npmjs.org/pm2-axon-rpc/-/pm2-axon-rpc-0.7.1.tgz 0ms (cache hit)
788 http cache pm2-axon@https://registry.npmjs.org/pm2-axon/-/pm2-axon-4.0.1.tgz 0ms (cache hit)
789 http cache pidusage@https://registry.npmjs.org/pidusage/-/pidusage-3.0.2.tgz 0ms (cache hit)
790 http cache needle@https://registry.npmjs.org/needle/-/needle-2.4.0.tgz 0ms (cache hit)
791 http cache debug@https://registry.npmjs.org/debug/-/debug-3.2.7.tgz 0ms (cache hit)
792 http cache mkdirp@https://registry.npmjs.org/mkdirp/-/mkdirp-1.0.4.tgz 0ms (cache hit)
793 http cache js-yaml@https://registry.npmjs.org/js-yaml/-/js-yaml-4.1.0.tgz 0ms (cache hit)
794 http cache fclone@https://registry.npmjs.org/fclone/-/fclone-1.0.11.tgz 1ms (cache hit)
795 http cache eventemitter2@https://registry.npmjs.org/eventemitter2/-/eventemitter2-5.0.1.tgz 0ms (cache hit)
796 http cache enquirer@https://registry.npmjs.org/enquirer/-/enquirer-2.3.6.tgz 0ms (cache hit)
797 http cache debug@https://registry.npmjs.org/debug/-/debug-4.4.0.tgz 0ms (cache hit)
798 http cache dayjs@https://registry.npmjs.org/dayjs/-/dayjs-1.11.13.tgz 0ms (cache hit)
799 http cache croner@https://registry.npmjs.org/croner/-/croner-4.1.97.tgz 0ms (cache hit)
800 http cache commander@https://registry.npmjs.org/commander/-/commander-2.15.1.tgz 0ms (cache hit)
801 http cache cli-tableau@https://registry.npmjs.org/cli-tableau/-/cli-tableau-2.0.1.tgz 0ms (cache hit)
802 http cache chokidar@https://registry.npmjs.org/chokidar/-/chokidar-3.6.0.tgz 0ms (cache hit)
803 http cache chalk@https://registry.npmjs.org/chalk/-/chalk-3.0.0.tgz 0ms (cache hit)
804 http cache blessed@https://registry.npmjs.org/blessed/-/blessed-0.1.81.tgz 0ms (cache hit)
805 http cache async@https://registry.npmjs.org/async/-/async-3.2.6.tgz 0ms (cache hit)
806 http cache @pm2/pm2-version-check@https://registry.npmjs.org/@pm2/pm2-version-check/-/pm2-version-check-1.0.4.tgz 0ms (cache hit)
807 http cache @pm2/js-api@https://registry.npmjs.org/@pm2/js-api/-/js-api-0.8.0.tgz 0ms (cache hit)
808 http cache eventemitter2@https://registry.npmjs.org/eventemitter2/-/eventemitter2-6.4.9.tgz 0ms (cache hit)
809 http cache debug@https://registry.npmjs.org/debug/-/debug-4.3.7.tgz 0ms (cache hit)
810 http cache async@https://registry.npmjs.org/async/-/async-2.6.4.tgz 0ms (cache hit)
811 http cache @pm2/io@https://registry.npmjs.org/@pm2/io/-/io-6.1.0.tgz 0ms (cache hit)
812 http cache lru-cache@https://registry.npmjs.org/lru-cache/-/lru-cache-6.0.0.tgz 0ms (cache hit)
813 http cache semver@https://registry.npmjs.org/semver/-/semver-7.5.4.tgz 0ms (cache hit)
814 http cache debug@https://registry.npmjs.org/debug/-/debug-4.3.7.tgz 0ms (cache hit)
815 http cache eventemitter2@https://registry.npmjs.org/eventemitter2/-/eventemitter2-6.4.9.tgz 0ms (cache hit)
816 http cache async@https://registry.npmjs.org/async/-/async-2.6.4.tgz 0ms (cache hit)
817 http cache @pm2/agent@https://registry.npmjs.org/@pm2/agent/-/agent-2.1.1.tgz 0ms (cache hit)
818 http cache lru-cache@https://registry.npmjs.org/lru-cache/-/lru-cache-6.0.0.tgz 0ms (cache hit)
819 http cache semver@https://registry.npmjs.org/semver/-/semver-7.5.4.tgz 0ms (cache hit)
820 http cache debug@https://registry.npmjs.org/debug/-/debug-4.3.7.tgz 0ms (cache hit)
821 http cache dayjs@https://registry.npmjs.org/dayjs/-/dayjs-1.8.36.tgz 0ms (cache hit)
822 http cache git-sha1@https://registry.npmjs.org/git-sha1/-/git-sha1-0.1.2.tgz 0ms (cache hit)
823 silly ADD node_modules/pm2
824 silly ADD node_modules/pm2/node_modules/lodash
825 silly ADD node_modules/pm2/node_modules/yallist
826 silly ADD node_modules/pm2/node_modules/pako
827 silly ADD node_modules/pm2/node_modules/git-sha1
828 silly ADD node_modules/pm2/node_modules/culvert
829 silly ADD node_modules/pm2/node_modules/bodec
830 silly ADD node_modules/pm2/node_modules/js-git
831 silly ADD node_modules/pm2/node_modules/ini
832 silly ADD node_modules/pm2/node_modules/git-node-fs
833 silly ADD node_modules/pm2/node_modules/json-stringify-safe
834 silly ADD node_modules/pm2/node_modules/is-number
835 silly ADD node_modules/pm2/node_modules/has-flag
836 silly ADD node_modules/pm2/node_modules/buffer-from
837 silly ADD node_modules/pm2/node_modules/jsbn
838 silly ADD node_modules/pm2/node_modules/smart-buffer
839 silly ADD node_modules/pm2/node_modules/ip-address
840 silly ADD node_modules/pm2/node_modules/ip-address/node_modules/sprintf-js
841 silly ADD node_modules/pm2/node_modules/socks
842 silly ADD node_modules/pm2/node_modules/function-bind
843 silly ADD node_modules/pm2/node_modules/hasown
844 silly ADD node_modules/pm2/node_modules/supports-preserve-symlinks-flag
845 silly ADD node_modules/pm2/node_modules/path-parse
846 silly ADD node_modules/pm2/node_modules/is-core-module
847 silly ADD node_modules/pm2/node_modules/resolve
848 silly ADD node_modules/pm2/node_modules/module-details-from-path
849 silly ADD node_modules/pm2/node_modules/mute-stream
850 silly ADD node_modules/pm2/node_modules/source-map
851 silly ADD node_modules/pm2/node_modules/esutils
852 silly ADD node_modules/pm2/node_modules/estraverse
853 silly ADD node_modules/pm2/node_modules/esprima
854 silly ADD node_modules/pm2/node_modules/escodegen
855 silly ADD node_modules/pm2/node_modules/ast-types
856 silly ADD node_modules/pm2/node_modules/ast-types/node_modules/tslib
857 silly ADD node_modules/pm2/node_modules/netmask
858 silly ADD node_modules/pm2/node_modules/degenerator
859 silly ADD node_modules/pm2/node_modules/data-uri-to-buffer
860 silly ADD node_modules/pm2/node_modules/basic-ftp
861 silly ADD node_modules/pm2/node_modules/pac-resolver
862 silly ADD node_modules/pm2/node_modules/get-uri
863 silly ADD node_modules/pm2/node_modules/@tootallnate/quickjs-emscripten
864 silly ADD node_modules/pm2/node_modules/socks-proxy-agent
865 silly ADD node_modules/pm2/node_modules/proxy-from-env
866 silly ADD node_modules/pm2/node_modules/pac-proxy-agent
867 silly ADD node_modules/pm2/node_modules/lru-cache
868 silly ADD node_modules/pm2/node_modules/https-proxy-agent
869 silly ADD node_modules/pm2/node_modules/http-proxy-agent
870 silly ADD node_modules/pm2/node_modules/agent-base
871 silly ADD node_modules/pm2/node_modules/read
872 silly ADD node_modules/pm2/node_modules/tx2
873 silly ADD node_modules/pm2/node_modules/systeminformation
874 silly ADD node_modules/pm2/node_modules/charm
875 silly ADD node_modules/pm2/node_modules/tv4
876 silly ADD node_modules/pm2/node_modules/run-series
877 silly ADD node_modules/pm2/node_modules/escape-string-regexp
878 silly ADD node_modules/pm2/node_modules/amp-message
879 silly ADD node_modules/pm2/node_modules/amp
880 silly ADD node_modules/pm2/node_modules/safe-buffer
881 silly ADD node_modules/pm2/node_modules/safer-buffer
882 silly ADD node_modules/pm2/node_modules/sax
883 silly ADD node_modules/pm2/node_modules/iconv-lite
884 silly ADD node_modules/pm2/node_modules/argparse
885 silly ADD node_modules/pm2/node_modules/is-extglob
886 silly ADD node_modules/pm2/node_modules/binary-extensions
887 silly ADD node_modules/pm2/node_modules/to-regex-range
888 silly ADD node_modules/pm2/node_modules/follow-redirects
889 silly ADD node_modules/pm2/node_modules/ansi-colors
890 silly ADD node_modules/pm2/node_modules/ms
891 silly ADD node_modules/pm2/node_modules/color-name
892 silly ADD node_modules/pm2/node_modules/fill-range
893 silly ADD node_modules/pm2/node_modules/picomatch
894 silly ADD node_modules/pm2/node_modules/readdirp
895 silly ADD node_modules/pm2/node_modules/normalize-path
896 silly ADD node_modules/pm2/node_modules/is-glob
897 silly ADD node_modules/pm2/node_modules/is-binary-path
898 silly ADD node_modules/pm2/node_modules/glob-parent
899 silly ADD
900 silly ADD node_modules/pm2/node_modules/braces
901 silly ADD node_modules/pm2/node_modules/anymatch
902 silly ADD node_modules/pm2/node_modules/color-convert
903 silly ADD node_modules/pm2/node_modules/supports-color
904 silly ADD node_modules/pm2/node_modules/ansi-styles
905 silly ADD node_modules/pm2/node_modules/extrareqp2
906 silly ADD node_modules/pm2/node_modules/tslib
907 silly ADD node_modules/pm2/node_modules/signal-exit
908 silly ADD node_modules/pm2/node_modules/shimmer
909 silly ADD node_modules/pm2/node_modules/require-in-the-middle
910 silly ADD node_modules/pm2/node_modules/ws
911 silly ADD node_modules/pm2/node_modules/proxy-agent
912 silly ADD node_modules/pm2/node_modules/fast-json-patch
913 silly ADD node_modules/pm2/node_modules/vizion
914 silly ADD node_modules/pm2/node_modules/vizion/node_modules/async
915 silly ADD node_modules/pm2/node_modules/sprintf-js
916 silly ADD node_modules/pm2/node_modules/source-map-support
917 silly ADD node_modules/pm2/node_modules/semver
918 silly ADD node_modules/pm2/node_modules/promptly
919 silly ADD node_modules/pm2/node_modules/pm2-sysmonit
920 silly ADD node_modules/pm2/node_modules/pm2-sysmonit/node_modules/pidusage
921 silly ADD node_modules/pm2/node_modules/pm2-multimeter
922 silly ADD node_modules/pm2/node_modules/pm2-deploy
923 silly ADD node_modules/pm2/node_modules/pm2-axon-rpc
924 silly ADD node_modules/pm2/node_modules/pm2-axon
925 silly ADD node_modules/pm2/node_modules/pidusage
926 silly ADD node_modules/pm2/node_modules/needle
927 silly ADD node_modules/pm2/node_modules/needle/node_modules/debug
928 silly ADD node_modules/pm2/node_modules/mkdirp
929 silly ADD node_modules/pm2/node_modules/js-yaml
930 silly ADD node_modules/pm2/node_modules/fclone
931 silly ADD node_modules/pm2/node_modules/eventemitter2
932 silly ADD node_modules/pm2/node_modules/enquirer
933 silly ADD node_modules/pm2/node_modules/debug
934 silly ADD node_modules/pm2/node_modules/dayjs
935 silly ADD node_modules/pm2/node_modules/croner
936 silly ADD node_modules/pm2/node_modules/commander
937 silly ADD node_modules/pm2/node_modules/cli-tableau
938 silly ADD node_modules/pm2/node_modules/chokidar
939 silly ADD node_modules/pm2/node_modules/chalk
940 silly ADD node_modules/pm2/node_modules/blessed
941 silly ADD node_modules/pm2/node_modules/async
942 silly ADD node_modules/pm2/node_modules/@pm2/pm2-version-check
943 silly ADD node_modules/pm2/node_modules/@pm2/js-api
944 silly ADD node_modules/pm2/node_modules/@pm2/js-api/node_modules/eventemitter2
945 silly ADD node_modules/pm2/node_modules/@pm2/js-api/node_modules/debug
946 silly ADD node_modules/pm2/node_modules/@pm2/js-api/node_modules/async
947 silly ADD node_modules/pm2/node_modules/@pm2/io
948 silly ADD node_modules/pm2/node_modules/@pm2/io/node_modules/lru-cache
949 silly ADD node_modules/pm2/node_modules/@pm2/io/node_modules/semver
950 silly ADD node_modules/pm2/node_modules/@pm2/io/node_modules/eventemitter2
951 silly ADD node_modules/pm2/node_modules/@pm2/io/node_modules/debug
952 silly ADD node_modules/pm2/node_modules/@pm2/io/node_modules/async
953 silly ADD node_modules/pm2/node_modules/@pm2/agent
954 silly ADD node_modules/pm2/node_modules/@pm2/agent/node_modules/lru-cache
955 silly ADD node_modules/pm2/node_modules/@pm2/agent/node_modules/semver
956 silly ADD node_modules/pm2/node_modules/@pm2/agent/node_modules/debug
957 silly ADD node_modules/pm2/node_modules/@pm2/agent/node_modules/dayjs
958 verbose cwd /data/data/com.termux/files/home
959 verbose os Linux 4.14.180-perf+
960 verbose node v23.10.0
961 verbose npm  v10.9.2
962 verbose exit 0
963 info ok
