0 verbose cli /data/data/com.termux/files/usr/bin/node /data/data/com.termux/files/usr/bin/npm
1 info using npm@10.9.2
2 info using node@v23.10.0
3 silly config load:file:/data/data/com.termux/files/usr/lib/node_modules/npm/npmrc
4 silly config load:file:/data/data/com.termux/files/home/.npmrc
5 silly config load:file:/data/data/com.termux/files/usr/etc/npmrc
6 verbose title npm install discord.js
7 verbose argv "install" "discord.js"
8 verbose logfile logs-max:10 dir:/data/data/com.termux/files/home/.npm/_logs/2025-04-06T10_28_08_929Z-
9 verbose logfile /data/data/com.termux/files/home/.npm/_logs/2025-04-06T10_28_08_929Z-debug-0.log
10 silly logfile done cleaning log files
11 silly packumentCache heap:975437824 maxSize:243859456 maxEntrySize:121929728
12 silly idealTree buildDeps
13 silly fetch manifest discord.js@^14.18.0
14 silly packumentCache full:https://registry.npmjs.org/discord.js cache-miss
15 http fetch GET 200 https://registry.npmjs.org/discord.js 1127ms (cache updated)
16 silly packumentCache full:https://registry.npmjs.org/discord.js set size:undefined disposed:false
17 silly placeDep ROOT discord.js@14.18.0 REPLACE for:  want: ^14.18.0
18 silly reify moves {}
19 silly audit bulk request {
19 silly audit   '@discordjs/builders': [ '1.10.1' ],
19 silly audit   '@discordjs/collection': [ '1.5.3', '2.1.1' ],
19 silly audit   '@discordjs/formatters': [ '0.6.0' ],
19 silly audit   '@discordjs/rest': [ '2.4.3' ],
19 silly audit   '@discordjs/util': [ '1.1.1' ],
19 silly audit   '@discordjs/ws': [ '1.2.1' ],
19 silly audit   '@sapphire/async-queue': [ '1.5.5' ],
19 silly audit   '@sapphire/shapeshift': [ '4.0.0' ],
19 silly audit   '@sapphire/snowflake': [ '3.5.3' ],
19 silly audit   '@types/node': [ '22.14.0' ],
19 silly audit   '@types/ws': [ '8.18.1' ],
19 silly audit   '@vladfrangu/async_event_emitter': [ '2.4.6' ],
19 silly audit   'discord-api-types': [ '0.37.119' ],
19 silly audit   'fast-deep-equal': [ '3.1.3' ],
19 silly audit   lodash: [ '4.17.21' ],
19 silly audit   'lodash.snakecase': [ '4.1.1' ],
19 silly audit   'magic-bytes.js': [ '1.10.0' ],
19 silly audit   mangodb: [ '1.0.0' ],
19 silly audit   'ts-mixer': [ '6.0.4' ],
19 silly audit   tslib: [ '2.8.1' ],
19 silly audit   undici: [ '6.21.1' ],
19 silly audit   'undici-types': [ '6.21.0' ],
19 silly audit   ws: [ '8.18.1' ],
19 silly audit   'discord.js': [ '14.18.0' ]
19 silly audit }
20 http fetch POST 200 https://registry.npmjs.org/-/npm/v1/security/advisories/bulk 321ms
21 silly audit report {}
22 verbose cwd /data/data/com.termux/files/home/UwUtopia
23 verbose os Linux 4.14.180-perf+
24 verbose node v23.10.0
25 verbose npm  v10.9.2
26 verbose exit 0
27 info ok
