0 verbose cli /data/data/com.termux/files/usr/bin/node /data/data/com.termux/files/usr/bin/npm
1 info using npm@10.9.2
2 info using node@v23.10.0
3 silly config load:file:/data/data/com.termux/files/usr/lib/node_modules/npm/npmrc
4 silly config load:file:/data/data/com.termux/files/home/.npmrc
5 silly config load:file:/data/data/com.termux/files/usr/etc/npmrc
6 verbose title npm install discord.js
7 verbose argv "install" "discord.js"
8 verbose logfile logs-max:10 dir:/data/data/com.termux/files/home/.npm/_logs/2025-04-06T01_53_24_041Z-
9 verbose logfile /data/data/com.termux/files/home/.npm/_logs/2025-04-06T01_53_24_041Z-debug-0.log
10 silly logfile done cleaning log files
11 silly packumentCache heap:975437824 maxSize:243859456 maxEntrySize:121929728
12 silly idealTree buildDeps
13 silly fetch manifest discord.js@*
14 silly packumentCache full:https://registry.npmjs.org/discord.js cache-miss
15 http fetch GET 200 https://registry.npmjs.org/discord.js 1885ms (cache miss)
16 silly packumentCache full:https://registry.npmjs.org/discord.js set size:undefined disposed:false
17 silly placeDep ROOT discord.js@14.18.0 OK for:  want: *
18 silly fetch manifest tslib@^2.6.3
19 silly packumentCache full:https://registry.npmjs.org/tslib cache-miss
20 silly fetch manifest undici@6.21.1
21 silly packumentCache full:https://registry.npmjs.org/undici cache-miss
22 silly fetch manifest @discordjs/ws@^1.2.1
23 silly packumentCache full:https://registry.npmjs.org/@discordjs%2fws cache-miss
24 silly fetch manifest @discordjs/rest@^2.4.3
25 silly packumentCache full:https://registry.npmjs.org/@discordjs%2frest cache-miss
26 silly fetch manifest @discordjs/util@^1.1.1
27 silly packumentCache full:https://registry.npmjs.org/@discordjs%2futil cache-miss
28 http fetch GET 200 https://registry.npmjs.org/tslib 155ms (cache miss)
29 silly packumentCache full:https://registry.npmjs.org/tslib set size:undefined disposed:false
30 silly fetch manifest fast-deep-equal@3.1.3
31 silly packumentCache full:https://registry.npmjs.org/fast-deep-equal cache-miss
32 http fetch GET 200 https://registry.npmjs.org/fast-deep-equal 170ms (cache miss)
33 silly packumentCache full:https://registry.npmjs.org/fast-deep-equal set size:undefined disposed:false
34 silly fetch manifest lodash.snakecase@4.1.1
35 silly packumentCache full:https://registry.npmjs.org/lodash.snakecase cache-miss
36 http fetch GET 200 https://registry.npmjs.org/undici 397ms (cache miss)
37 silly packumentCache full:https://registry.npmjs.org/undici set size:undefined disposed:false
38 silly fetch manifest discord-api-types@^0.37.119
39 silly packumentCache full:https://registry.npmjs.org/discord-api-types cache-miss
40 http fetch GET 200 https://registry.npmjs.org/lodash.snakecase 144ms (cache miss)
41 silly packumentCache full:https://registry.npmjs.org/lodash.snakecase set size:undefined disposed:false
42 silly fetch manifest @discordjs/builders@^1.10.1
43 silly packumentCache full:https://registry.npmjs.org/@discordjs%2fbuilders cache-miss
44 http fetch GET 200 https://registry.npmjs.org/@discordjs%2fbuilders 1535ms (cache miss)
45 silly packumentCache full:https://registry.npmjs.org/@discordjs%2fbuilders set size:undefined disposed:false
46 silly fetch manifest @sapphire/snowflake@3.5.3
47 silly packumentCache full:https://registry.npmjs.org/@sapphire%2fsnowflake cache-miss
48 http fetch GET 200 https://registry.npmjs.org/@discordjs%2frest 2253ms (cache miss)
49 silly packumentCache full:https://registry.npmjs.org/@discordjs%2frest set size:undefined disposed:false
50 silly fetch manifest @discordjs/collection@1.5.3
51 silly packumentCache full:https://registry.npmjs.org/@discordjs%2fcollection cache-miss
52 http fetch GET 200 https://registry.npmjs.org/@discordjs%2futil 2685ms (cache miss)
53 silly packumentCache full:https://registry.npmjs.org/@discordjs%2futil set size:undefined disposed:false
54 silly fetch manifest @discordjs/formatters@^0.6.0
55 silly packumentCache full:https://registry.npmjs.org/@discordjs%2fformatters cache-miss
56 http fetch GET 200 https://registry.npmjs.org/discord-api-types 2407ms (cache miss)
57 silly packumentCache full:https://registry.npmjs.org/discord-api-types set size:undefined disposed:false
58 http fetch GET 200 https://registry.npmjs.org/@discordjs%2fws 3174ms (cache miss)
59 silly packumentCache full:https://registry.npmjs.org/@discordjs%2fws set size:undefined disposed:false
60 http fetch GET 200 https://registry.npmjs.org/@sapphire%2fsnowflake 1638ms (cache miss)
61 silly packumentCache full:https://registry.npmjs.org/@sapphire%2fsnowflake set size:undefined disposed:false
62 http fetch GET 200 https://registry.npmjs.org/@discordjs%2fcollection 1714ms (cache miss)
63 silly packumentCache full:https://registry.npmjs.org/@discordjs%2fcollection set size:undefined disposed:false
64 http fetch GET 200 https://registry.npmjs.org/@discordjs%2fformatters 1668ms (cache miss)
65 silly packumentCache full:https://registry.npmjs.org/@discordjs%2fformatters set size:undefined disposed:false
66 silly placeDep ROOT @discordjs/builders@1.10.1 OK for: discord.js@14.18.0 want: ^1.10.1
67 silly placeDep ROOT @discordjs/collection@1.5.3 OK for: discord.js@14.18.0 want: 1.5.3
68 silly placeDep ROOT @discordjs/formatters@0.6.0 OK for: discord.js@14.18.0 want: ^0.6.0
69 silly placeDep ROOT @discordjs/rest@2.4.3 OK for: discord.js@14.18.0 want: ^2.4.3
70 silly placeDep ROOT @discordjs/util@1.1.1 OK for: discord.js@14.18.0 want: ^1.1.1
71 silly placeDep ROOT @discordjs/ws@1.2.1 OK for: discord.js@14.18.0 want: ^1.2.1
72 silly placeDep ROOT @sapphire/snowflake@3.5.3 OK for: discord.js@14.18.0 want: 3.5.3
73 silly placeDep ROOT discord-api-types@0.37.119 OK for: discord.js@14.18.0 want: ^0.37.119
74 silly placeDep ROOT fast-deep-equal@3.1.3 OK for: discord.js@14.18.0 want: 3.1.3
75 silly placeDep ROOT lodash.snakecase@4.1.1 OK for: discord.js@14.18.0 want: 4.1.1
76 silly placeDep ROOT tslib@2.8.1 OK for: discord.js@14.18.0 want: ^2.6.3
77 silly placeDep ROOT undici@6.21.1 OK for: discord.js@14.18.0 want: 6.21.1
78 silly fetch manifest ts-mixer@^6.0.4
79 silly packumentCache full:https://registry.npmjs.org/ts-mixer cache-miss
80 silly fetch manifest fast-deep-equal@^3.1.3
81 silly packumentCache full:https://registry.npmjs.org/fast-deep-equal cache-miss
82 silly fetch manifest @sapphire/shapeshift@^4.0.0
83 silly packumentCache full:https://registry.npmjs.org/@sapphire%2fshapeshift cache-miss
84 silly fetch manifest discord-api-types@^0.37.114
85 silly packumentCache full:https://registry.npmjs.org/discord-api-types cache-miss
86 silly fetch manifest magic-bytes.js@^1.10.0
87 silly packumentCache full:https://registry.npmjs.org/magic-bytes.js cache-miss
88 http cache https://registry.npmjs.org/fast-deep-equal 63ms (cache hit)
89 silly packumentCache full:https://registry.npmjs.org/fast-deep-equal set size:48634 disposed:false
90 silly fetch manifest @sapphire/snowflake@^3.5.3
91 silly packumentCache full:https://registry.npmjs.org/@sapphire%2fsnowflake cache-miss
92 http cache https://registry.npmjs.org/discord-api-types 108ms (cache hit)
93 silly packumentCache full:https://registry.npmjs.org/discord-api-types set size:6639511 disposed:false
94 silly fetch manifest @discordjs/collection@^2.1.1
95 silly packumentCache full:https://registry.npmjs.org/@discordjs%2fcollection cache-miss
96 http cache https://registry.npmjs.org/@sapphire%2fsnowflake 368ms (cache hit)
97 silly packumentCache full:https://registry.npmjs.org/@sapphire%2fsnowflake set size:2803764 disposed:false
98 silly fetch manifest @sapphire/async-queue@^1.5.3
99 silly packumentCache full:https://registry.npmjs.org/@sapphire%2fasync-queue cache-miss
100 http cache https://registry.npmjs.org/@discordjs%2fcollection 145ms (cache hit)
101 silly packumentCache full:https://registry.npmjs.org/@discordjs%2fcollection set size:4772660 disposed:false
102 silly fetch manifest @vladfrangu/async_event_emitter@^2.4.6
103 silly packumentCache full:https://registry.npmjs.org/@vladfrangu%2fasync_event_emitter cache-miss
104 http fetch GET 200 https://registry.npmjs.org/magic-bytes.js 786ms (cache miss)
105 silly packumentCache full:https://registry.npmjs.org/magic-bytes.js set size:undefined disposed:false
106 silly fetch manifest ws@^8.17.0
107 silly packumentCache full:https://registry.npmjs.org/ws cache-miss
108 http fetch GET 200 https://registry.npmjs.org/ts-mixer 830ms (cache miss)
109 silly packumentCache full:https://registry.npmjs.org/ts-mixer set size:undefined disposed:false
110 silly fetch manifest tslib@^2.6.2
111 silly packumentCache full:https://registry.npmjs.org/tslib cache-miss
112 http cache https://registry.npmjs.org/tslib 15ms (cache hit)
113 silly packumentCache full:https://registry.npmjs.org/tslib set size:108872 disposed:false
114 silly fetch manifest @types/ws@^8.5.10
115 silly packumentCache full:https://registry.npmjs.org/@types%2fws cache-miss
116 http fetch GET 200 https://registry.npmjs.org/ws 162ms (cache miss)
117 silly packumentCache full:https://registry.npmjs.org/ws set size:undefined disposed:false
118 silly fetch manifest @discordjs/collection@^2.1.0
119 silly packumentCache full:https://registry.npmjs.org/@discordjs%2fcollection cache-miss
120 http cache https://registry.npmjs.org/@discordjs%2fcollection 50ms (cache hit)
121 silly packumentCache full:https://registry.npmjs.org/@discordjs%2fcollection set size:4772660 disposed:false
122 silly fetch manifest @sapphire/async-queue@^1.5.2
123 silly packumentCache full:https://registry.npmjs.org/@sapphire%2fasync-queue cache-miss
124 http fetch GET 200 https://registry.npmjs.org/@types%2fws 508ms (cache miss)
125 silly packumentCache full:https://registry.npmjs.org/@types%2fws set size:undefined disposed:false
126 silly fetch manifest @vladfrangu/async_event_emitter@^2.2.4
127 silly packumentCache full:https://registry.npmjs.org/@vladfrangu%2fasync_event_emitter cache-miss
128 http fetch GET 200 https://registry.npmjs.org/@sapphire%2fshapeshift 1891ms (cache miss)
129 silly packumentCache full:https://registry.npmjs.org/@sapphire%2fshapeshift set size:undefined disposed:false
130 http fetch GET 200 https://registry.npmjs.org/@sapphire%2fasync-queue 1534ms (cache miss)
131 silly packumentCache full:https://registry.npmjs.org/@sapphire%2fasync-queue set size:undefined disposed:false
132 http fetch GET 200 https://registry.npmjs.org/@vladfrangu%2fasync_event_emitter 2304ms (cache miss)
133 silly packumentCache full:https://registry.npmjs.org/@vladfrangu%2fasync_event_emitter set size:undefined disposed:false
134 http fetch GET 200 https://registry.npmjs.org/@vladfrangu%2fasync_event_emitter 1652ms (cache miss)
135 silly packumentCache full:https://registry.npmjs.org/@vladfrangu%2fasync_event_emitter set size:undefined disposed:false
136 http fetch GET 200 https://registry.npmjs.org/@sapphire%2fasync-queue 1960ms (cache miss)
137 silly packumentCache full:https://registry.npmjs.org/@sapphire%2fasync-queue set size:undefined disposed:false
138 silly placeDep ROOT @sapphire/shapeshift@4.0.0 OK for: @discordjs/builders@1.10.1 want: ^4.0.0
139 silly placeDep ROOT ts-mixer@6.0.4 OK for: @discordjs/builders@1.10.1 want: ^6.0.4
140 silly fetch manifest lodash@^4.17.21
141 silly packumentCache full:https://registry.npmjs.org/lodash cache-miss
142 http fetch GET 200 https://registry.npmjs.org/lodash 112ms (cache miss)
143 silly packumentCache full:https://registry.npmjs.org/lodash set size:undefined disposed:false
144 silly placeDep node_modules/@discordjs/rest @discordjs/collection@2.1.1 OK for: @discordjs/rest@2.4.3 want: ^2.1.1
145 silly placeDep ROOT @sapphire/async-queue@1.5.5 OK for: @discordjs/rest@2.4.3 want: ^1.5.3
146 silly placeDep ROOT @vladfrangu/async_event_emitter@2.4.6 OK for: @discordjs/rest@2.4.3 want: ^2.4.6
147 silly placeDep ROOT magic-bytes.js@1.10.0 OK for: @discordjs/rest@2.4.3 want: ^1.10.0
148 silly fetch manifest bufferutil@^4.0.1
149 silly packumentCache full:https://registry.npmjs.org/bufferutil cache-miss
150 http fetch GET 200 https://registry.npmjs.org/bufferutil 77ms (cache miss)
151 silly packumentCache full:https://registry.npmjs.org/bufferutil set size:undefined disposed:false
152 silly fetch manifest utf-8-validate@>=5.0.2
153 silly packumentCache full:https://registry.npmjs.org/utf-8-validate cache-miss
154 http fetch GET 200 https://registry.npmjs.org/utf-8-validate 140ms (cache miss)
155 silly packumentCache full:https://registry.npmjs.org/utf-8-validate set size:undefined disposed:false
156 silly placeDep node_modules/@discordjs/ws @discordjs/collection@2.1.1 OK for: @discordjs/ws@1.2.1 want: ^2.1.0
157 silly placeDep ROOT @types/ws@8.18.1 OK for: @discordjs/ws@1.2.1 want: ^8.5.10
158 silly placeDep ROOT ws@8.18.1 OK for: @discordjs/ws@1.2.1 want: ^8.17.0
159 silly fetch manifest @types/node@*
160 silly packumentCache full:https://registry.npmjs.org/@types%2fnode cache-miss
161 http fetch GET 200 https://registry.npmjs.org/@types%2fnode 795ms (cache miss)
162 silly packumentCache full:https://registry.npmjs.org/@types%2fnode set size:undefined disposed:false
163 silly placeDep ROOT lodash@4.17.21 OK for: @sapphire/shapeshift@4.0.0 want: ^4.17.21
164 silly placeDep ROOT @types/node@22.14.0 OK for: @types/ws@8.18.1 want: *
165 silly fetch manifest undici-types@~6.21.0
166 silly packumentCache full:https://registry.npmjs.org/undici-types cache-miss
167 http fetch GET 200 https://registry.npmjs.org/undici-types 87ms (cache miss)
168 silly packumentCache full:https://registry.npmjs.org/undici-types set size:undefined disposed:false
169 silly placeDep ROOT undici-types@6.21.0 OK for: @types/node@22.14.0 want: ~6.21.0
170 silly reify moves {}
171 silly audit bulk request {
171 silly audit   mangodb: [ '1.0.0' ],
171 silly audit   'discord.js': [ '14.18.0' ],
171 silly audit   '@discordjs/builders': [ '1.10.1' ],
171 silly audit   '@discordjs/collection': [ '1.5.3', '2.1.1' ],
171 silly audit   '@discordjs/formatters': [ '0.6.0' ],
171 silly audit   '@discordjs/rest': [ '2.4.3' ],
171 silly audit   '@discordjs/util': [ '1.1.1' ],
171 silly audit   '@discordjs/ws': [ '1.2.1' ],
171 silly audit   '@sapphire/snowflake': [ '3.5.3' ],
171 silly audit   'discord-api-types': [ '0.37.119' ],
171 silly audit   'fast-deep-equal': [ '3.1.3' ],
171 silly audit   'lodash.snakecase': [ '4.1.1' ],
171 silly audit   tslib: [ '2.8.1' ],
171 silly audit   undici: [ '6.21.1' ],
171 silly audit   '@sapphire/shapeshift': [ '4.0.0' ],
171 silly audit   'ts-mixer': [ '6.0.4' ],
171 silly audit   '@sapphire/async-queue': [ '1.5.5' ],
171 silly audit   '@vladfrangu/async_event_emitter': [ '2.4.6' ],
171 silly audit   'magic-bytes.js': [ '1.10.0' ],
171 silly audit   '@types/ws': [ '8.18.1' ],
171 silly audit   ws: [ '8.18.1' ],
171 silly audit   lodash: [ '4.17.21' ],
171 silly audit   '@types/node': [ '22.14.0' ],
171 silly audit   'undici-types': [ '6.21.0' ]
171 silly audit }
172 http cache undici-types@https://registry.npmjs.org/undici-types/-/undici-types-6.21.0.tgz 0ms (cache hit)
173 http cache @types/node@https://registry.npmjs.org/@types/node/-/node-22.14.0.tgz 0ms (cache hit)
174 http cache lodash@https://registry.npmjs.org/lodash/-/lodash-4.17.21.tgz 0ms (cache hit)
175 http cache @types/ws@https://registry.npmjs.org/@types/ws/-/ws-8.18.1.tgz 0ms (cache hit)
176 http cache ws@https://registry.npmjs.org/ws/-/ws-8.18.1.tgz 0ms (cache hit)
177 http cache magic-bytes.js@https://registry.npmjs.org/magic-bytes.js/-/magic-bytes.js-1.10.0.tgz 0ms (cache hit)
178 http cache @sapphire/async-queue@https://registry.npmjs.org/@sapphire/async-queue/-/async-queue-1.5.5.tgz 0ms (cache hit)
179 http cache @vladfrangu/async_event_emitter@https://registry.npmjs.org/@vladfrangu/async_event_emitter/-/async_event_emitter-2.4.6.tgz 0ms (cache hit)
180 http cache ts-mixer@https://registry.npmjs.org/ts-mixer/-/ts-mixer-6.0.4.tgz 0ms (cache hit)
181 http cache @sapphire/shapeshift@https://registry.npmjs.org/@sapphire/shapeshift/-/shapeshift-4.0.0.tgz 1ms (cache hit)
182 http cache undici@https://registry.npmjs.org/undici/-/undici-6.21.1.tgz 0ms (cache hit)
183 http cache tslib@https://registry.npmjs.org/tslib/-/tslib-2.8.1.tgz 1ms (cache hit)
184 http cache lodash.snakecase@https://registry.npmjs.org/lodash.snakecase/-/lodash.snakecase-4.1.1.tgz 0ms (cache hit)
185 http cache fast-deep-equal@https://registry.npmjs.org/fast-deep-equal/-/fast-deep-equal-3.1.3.tgz 0ms (cache hit)
186 http cache discord-api-types@https://registry.npmjs.org/discord-api-types/-/discord-api-types-0.37.119.tgz 0ms (cache hit)
187 http cache @sapphire/snowflake@https://registry.npmjs.org/@sapphire/snowflake/-/snowflake-3.5.3.tgz 0ms (cache hit)
188 http cache @discordjs/ws@https://registry.npmjs.org/@discordjs/ws/-/ws-1.2.1.tgz 0ms (cache hit)
189 http cache @discordjs/util@https://registry.npmjs.org/@discordjs/util/-/util-1.1.1.tgz 1ms (cache hit)
190 http cache @discordjs/rest@https://registry.npmjs.org/@discordjs/rest/-/rest-2.4.3.tgz 0ms (cache hit)
191 http cache @discordjs/formatters@https://registry.npmjs.org/@discordjs/formatters/-/formatters-0.6.0.tgz 0ms (cache hit)
192 http cache @discordjs/collection@https://registry.npmjs.org/@discordjs/collection/-/collection-1.5.3.tgz 0ms (cache hit)
193 http cache @discordjs/builders@https://registry.npmjs.org/@discordjs/builders/-/builders-1.10.1.tgz 0ms (cache hit)
194 http cache discord.js@https://registry.npmjs.org/discord.js/-/discord.js-14.18.0.tgz 0ms (cache hit)
195 http cache @discordjs/collection@https://registry.npmjs.org/@discordjs/collection/-/collection-2.1.1.tgz 0ms (cache hit)
196 http cache @discordjs/collection@https://registry.npmjs.org/@discordjs/collection/-/collection-2.1.1.tgz 0ms (cache hit)
197 silly tarball no local data for undici-types@https://registry.npmjs.org/undici-types/-/undici-types-6.21.0.tgz. Extracting by manifest.
198 silly tarball no local data for @types/node@https://registry.npmjs.org/@types/node/-/node-22.14.0.tgz. Extracting by manifest.
199 silly tarball no local data for lodash@https://registry.npmjs.org/lodash/-/lodash-4.17.21.tgz. Extracting by manifest.
200 silly tarball no local data for @types/ws@https://registry.npmjs.org/@types/ws/-/ws-8.18.1.tgz. Extracting by manifest.
201 silly tarball no local data for ws@https://registry.npmjs.org/ws/-/ws-8.18.1.tgz. Extracting by manifest.
202 silly tarball no local data for magic-bytes.js@https://registry.npmjs.org/magic-bytes.js/-/magic-bytes.js-1.10.0.tgz. Extracting by manifest.
203 silly tarball no local data for @sapphire/async-queue@https://registry.npmjs.org/@sapphire/async-queue/-/async-queue-1.5.5.tgz. Extracting by manifest.
204 silly tarball no local data for @vladfrangu/async_event_emitter@https://registry.npmjs.org/@vladfrangu/async_event_emitter/-/async_event_emitter-2.4.6.tgz. Extracting by manifest.
205 silly tarball no local data for ts-mixer@https://registry.npmjs.org/ts-mixer/-/ts-mixer-6.0.4.tgz. Extracting by manifest.
206 silly tarball no local data for @sapphire/shapeshift@https://registry.npmjs.org/@sapphire/shapeshift/-/shapeshift-4.0.0.tgz. Extracting by manifest.
207 silly tarball no local data for undici@https://registry.npmjs.org/undici/-/undici-6.21.1.tgz. Extracting by manifest.
208 silly tarball no local data for tslib@https://registry.npmjs.org/tslib/-/tslib-2.8.1.tgz. Extracting by manifest.
209 silly tarball no local data for lodash.snakecase@https://registry.npmjs.org/lodash.snakecase/-/lodash.snakecase-4.1.1.tgz. Extracting by manifest.
210 silly tarball no local data for fast-deep-equal@https://registry.npmjs.org/fast-deep-equal/-/fast-deep-equal-3.1.3.tgz. Extracting by manifest.
211 silly tarball no local data for discord-api-types@https://registry.npmjs.org/discord-api-types/-/discord-api-types-0.37.119.tgz. Extracting by manifest.
212 silly tarball no local data for @sapphire/snowflake@https://registry.npmjs.org/@sapphire/snowflake/-/snowflake-3.5.3.tgz. Extracting by manifest.
213 silly tarball no local data for @discordjs/ws@https://registry.npmjs.org/@discordjs/ws/-/ws-1.2.1.tgz. Extracting by manifest.
214 silly tarball no local data for @discordjs/util@https://registry.npmjs.org/@discordjs/util/-/util-1.1.1.tgz. Extracting by manifest.
215 silly tarball no local data for @discordjs/rest@https://registry.npmjs.org/@discordjs/rest/-/rest-2.4.3.tgz. Extracting by manifest.
216 silly tarball no local data for @discordjs/formatters@https://registry.npmjs.org/@discordjs/formatters/-/formatters-0.6.0.tgz. Extracting by manifest.
217 silly tarball no local data for @discordjs/collection@https://registry.npmjs.org/@discordjs/collection/-/collection-1.5.3.tgz. Extracting by manifest.
218 silly tarball no local data for @discordjs/builders@https://registry.npmjs.org/@discordjs/builders/-/builders-1.10.1.tgz. Extracting by manifest.
219 silly tarball no local data for discord.js@https://registry.npmjs.org/discord.js/-/discord.js-14.18.0.tgz. Extracting by manifest.
220 silly tarball no local data for @discordjs/collection@https://registry.npmjs.org/@discordjs/collection/-/collection-2.1.1.tgz. Extracting by manifest.
221 silly tarball no local data for @discordjs/collection@https://registry.npmjs.org/@discordjs/collection/-/collection-2.1.1.tgz. Extracting by manifest.
222 http fetch POST 200 https://registry.npmjs.org/-/npm/v1/security/advisories/bulk 497ms
223 silly audit report {}
224 http fetch GET 200 https://registry.npmjs.org/@types/ws/-/ws-8.18.1.tgz 614ms (cache miss)
225 http fetch GET 200 https://registry.npmjs.org/@sapphire/snowflake/-/snowflake-3.5.3.tgz 841ms (cache miss)
226 http fetch GET 200 https://registry.npmjs.org/undici-types/-/undici-types-6.21.0.tgz 916ms (cache miss)
227 http fetch GET 200 https://registry.npmjs.org/@discordjs/util/-/util-1.1.1.tgz 1133ms (cache miss)
228 http fetch GET 200 https://registry.npmjs.org/@discordjs/ws/-/ws-1.2.1.tgz 1342ms (cache miss)
229 http fetch GET 200 https://registry.npmjs.org/fast-deep-equal/-/fast-deep-equal-3.1.3.tgz 1366ms (cache miss)
230 http fetch GET 200 https://registry.npmjs.org/@vladfrangu/async_event_emitter/-/async_event_emitter-2.4.6.tgz 1428ms (cache miss)
231 http fetch GET 200 https://registry.npmjs.org/@discordjs/formatters/-/formatters-0.6.0.tgz 1422ms (cache miss)
232 http fetch GET 200 https://registry.npmjs.org/@discordjs/collection/-/collection-1.5.3.tgz 1425ms (cache miss)
233 http fetch GET 200 https://registry.npmjs.org/@discordjs/collection/-/collection-2.1.1.tgz 1423ms (cache miss)
234 http fetch GET 200 https://registry.npmjs.org/@sapphire/async-queue/-/async-queue-1.5.5.tgz 1521ms (cache miss)
235 http fetch GET 200 https://registry.npmjs.org/tslib/-/tslib-2.8.1.tgz 1543ms (cache miss)
236 http fetch GET 200 https://registry.npmjs.org/@discordjs/collection/-/collection-2.1.1.tgz 1542ms (cache miss)
237 http fetch GET 200 https://registry.npmjs.org/lodash.snakecase/-/lodash.snakecase-4.1.1.tgz 1580ms (cache miss)
238 http fetch GET 200 https://registry.npmjs.org/ts-mixer/-/ts-mixer-6.0.4.tgz 1675ms (cache miss)
239 http fetch GET 200 https://registry.npmjs.org/@discordjs/rest/-/rest-2.4.3.tgz 1667ms (cache miss)
240 http fetch GET 200 https://registry.npmjs.org/ws/-/ws-8.18.1.tgz 1745ms (cache miss)
241 http fetch GET 200 https://registry.npmjs.org/@discordjs/builders/-/builders-1.10.1.tgz 1701ms (cache miss)
242 http fetch GET 200 https://registry.npmjs.org/magic-bytes.js/-/magic-bytes.js-1.10.0.tgz 1844ms (cache miss)
243 http fetch GET 200 https://registry.npmjs.org/@types/node/-/node-22.14.0.tgz 2230ms (cache miss)
244 http fetch GET 200 https://registry.npmjs.org/undici/-/undici-6.21.1.tgz 2687ms (cache miss)
245 http fetch GET 200 https://registry.npmjs.org/@sapphire/shapeshift/-/shapeshift-4.0.0.tgz 2880ms (cache miss)
246 http fetch GET 200 https://registry.npmjs.org/discord.js/-/discord.js-14.18.0.tgz 3362ms (cache miss)
247 http fetch GET 200 https://registry.npmjs.org/lodash/-/lodash-4.17.21.tgz 4238ms (cache miss)
248 http fetch GET 200 https://registry.npmjs.org/discord-api-types/-/discord-api-types-0.37.119.tgz 4388ms (cache miss)
249 silly ADD node_modules/undici-types
250 silly ADD node_modules/@types/node
251 silly ADD node_modules/lodash
252 silly ADD node_modules/ws
253 silly ADD node_modules/@types/ws
254 silly ADD node_modules/magic-bytes.js
255 silly ADD node_modules/@vladfrangu/async_event_emitter
256 silly ADD node_modules/@sapphire/async-queue
257 silly ADD node_modules/ts-mixer
258 silly ADD node_modules/@sapphire/shapeshift
259 silly ADD node_modules/undici
260 silly ADD node_modules/tslib
261 silly ADD node_modules/lodash.snakecase
262 silly ADD node_modules/fast-deep-equal
263 silly ADD node_modules/discord-api-types
264 silly ADD node_modules/@sapphire/snowflake
265 silly ADD node_modules/@discordjs/ws
266 silly ADD node_modules/@discordjs/ws/node_modules/@discordjs/collection
267 silly ADD node_modules/@discordjs/util
268 silly ADD node_modules/@discordjs/rest
269 silly ADD node_modules/@discordjs/rest/node_modules/@discordjs/collection
270 silly ADD node_modules/@discordjs/formatters
271 silly ADD node_modules/@discordjs/collection
272 silly ADD node_modules/@discordjs/builders
273 silly ADD node_modules/discord.js
274 verbose cwd /data/data/com.termux/files/home
275 verbose os Linux 4.14.180-perf+
276 verbose node v23.10.0
277 verbose npm  v10.9.2
278 verbose exit 0
279 info ok
