0 verbose cli /data/data/com.termux/files/usr/bin/node /data/data/com.termux/files/usr/bin/npm
1 info using npm@10.9.2
2 info using node@v23.10.0
3 silly config load:file:/data/data/com.termux/files/usr/lib/node_modules/npm/npmrc
4 silly config load:file:/data/data/com.termux/files/home/.npmrc
5 silly config load:file:/data/data/com.termux/files/usr/etc/npmrc
6 verbose title npm install
7 verbose argv "install"
8 verbose logfile logs-max:10 dir:/data/data/com.termux/files/home/.npm/_logs/2025-04-06T12_23_11_204Z-
9 verbose logfile /data/data/com.termux/files/home/.npm/_logs/2025-04-06T12_23_11_204Z-debug-0.log
10 silly logfile done cleaning log files
11 silly packumentCache heap:975437824 maxSize:243859456 maxEntrySize:121929728
12 silly idealTree buildDeps
13 silly reify moves {}
14 silly audit bulk request {
14 silly audit   '@discordjs/builders': [ '1.10.1' ],
14 silly audit   '@discordjs/collection': [ '1.5.3', '2.1.1' ],
14 silly audit   '@discordjs/formatters': [ '0.6.0' ],
14 silly audit   '@discordjs/rest': [ '2.4.3' ],
14 silly audit   '@discordjs/util': [ '1.1.1' ],
14 silly audit   '@discordjs/ws': [ '1.2.1' ],
14 silly audit   '@sapphire/async-queue': [ '1.5.5' ],
14 silly audit   '@sapphire/shapeshift': [ '4.0.0' ],
14 silly audit   '@sapphire/snowflake': [ '3.5.3' ],
14 silly audit   '@types/node': [ '22.14.0' ],
14 silly audit   '@types/ws': [ '8.18.1' ],
14 silly audit   '@vladfrangu/async_event_emitter': [ '2.4.6' ],
14 silly audit   'discord-api-types': [ '0.37.119' ],
14 silly audit   'discord.js': [ '14.18.0' ],
14 silly audit   'fast-deep-equal': [ '3.1.3' ],
14 silly audit   lodash: [ '4.17.21' ],
14 silly audit   'lodash.snakecase': [ '4.1.1' ],
14 silly audit   'magic-bytes.js': [ '1.10.0' ],
14 silly audit   mangodb: [ '1.0.0' ],
14 silly audit   'ts-mixer': [ '6.0.4' ],
14 silly audit   tslib: [ '2.8.1' ],
14 silly audit   undici: [ '6.21.1' ],
14 silly audit   'undici-types': [ '6.21.0' ],
14 silly audit   ws: [ '8.18.1' ]
14 silly audit }
15 http fetch POST 200 https://registry.npmjs.org/-/npm/v1/security/advisories/bulk 664ms
16 silly audit report {}
17 verbose cwd /data/data/com.termux/files/home
18 verbose os Linux 4.14.180-perf+
19 verbose node v23.10.0
20 verbose npm  v10.9.2
21 verbose exit 0
22 info ok
