0 verbose cli /data/data/com.termux/files/usr/bin/node /data/data/com.termux/files/usr/bin/npm
1 info using npm@10.9.2
2 info using node@v23.10.0
3 silly config load:file:/data/data/com.termux/files/usr/lib/node_modules/npm/npmrc
4 silly config load:file:/data/data/com.termux/files/home/.npmrc
5 silly config load:file:/data/data/com.termux/files/usr/etc/npmrc
6 verbose title npm install discord.js@latest
7 verbose argv "install" "discord.js@latest"
8 verbose logfile logs-max:10 dir:/data/data/com.termux/files/home/.npm/_logs/2025-04-06T10_19_04_154Z-
9 verbose logfile /data/data/com.termux/files/home/.npm/_logs/2025-04-06T10_19_04_154Z-debug-0.log
10 silly logfile done cleaning log files
11 silly packumentCache heap:975437824 maxSize:243859456 maxEntrySize:121929728
12 silly packumentCache corgi:https://registry.npmjs.org/discord.js cache-miss
13 http fetch GET 200 https://registry.npmjs.org/discord.js 963ms (cache miss)
14 silly packumentCache corgi:https://registry.npmjs.org/discord.js set size:undefined disposed:false
15 silly idealTree buildDeps
16 silly fetch manifest discord.js@14.18.0
17 silly packumentCache full:https://registry.npmjs.org/discord.js cache-miss
18 http fetch GET 200 https://registry.npmjs.org/discord.js 606ms (cache updated)
19 silly packumentCache full:https://registry.npmjs.org/discord.js set size:undefined disposed:false
20 silly placeDep ROOT discord.js@14.18.0 REPLACE for:  want: 14.18.0
21 silly reify moves {}
22 silly audit bulk request {
22 silly audit   '@discordjs/builders': [ '1.10.1' ],
22 silly audit   '@discordjs/collection': [ '1.5.3', '2.1.1' ],
22 silly audit   '@discordjs/formatters': [ '0.6.0' ],
22 silly audit   '@discordjs/rest': [ '2.4.3' ],
22 silly audit   '@discordjs/util': [ '1.1.1' ],
22 silly audit   '@discordjs/ws': [ '1.2.1' ],
22 silly audit   '@sapphire/async-queue': [ '1.5.5' ],
22 silly audit   '@sapphire/shapeshift': [ '4.0.0' ],
22 silly audit   '@sapphire/snowflake': [ '3.5.3' ],
22 silly audit   '@types/node': [ '22.14.0' ],
22 silly audit   '@types/ws': [ '8.18.1' ],
22 silly audit   '@vladfrangu/async_event_emitter': [ '2.4.6' ],
22 silly audit   'discord-api-types': [ '0.37.119' ],
22 silly audit   'fast-deep-equal': [ '3.1.3' ],
22 silly audit   lodash: [ '4.17.21' ],
22 silly audit   'lodash.snakecase': [ '4.1.1' ],
22 silly audit   'magic-bytes.js': [ '1.10.0' ],
22 silly audit   mangodb: [ '1.0.0' ],
22 silly audit   'ts-mixer': [ '6.0.4' ],
22 silly audit   tslib: [ '2.8.1' ],
22 silly audit   undici: [ '6.21.1' ],
22 silly audit   'undici-types': [ '6.21.0' ],
22 silly audit   ws: [ '8.18.1' ],
22 silly audit   'discord.js': [ '14.18.0' ]
22 silly audit }
23 http fetch POST 200 https://registry.npmjs.org/-/npm/v1/security/advisories/bulk 309ms
24 silly audit report {}
25 verbose cwd /data/data/com.termux/files/home/UwUtopia
26 verbose os Linux 4.14.180-perf+
27 verbose node v23.10.0
28 verbose npm  v10.9.2
29 verbose exit 0
30 info ok
